#
# There is insufficient memory for the Java Runtime Environment to continue.
# Native memory allocation (mmap) failed to map 65536 bytes for Failed to commit metaspace.
# Possible reasons:
#   The system is out of physical RAM or swap space
#   The process is running with CompressedOops enabled, and the Java Heap may be blocking the growth of the native heap
# Possible solutions:
#   Reduce memory load on the system
#   Increase physical memory or swap space
#   Check if swap backing store is full
#   Decrease Java heap size (-Xmx/-Xms)
#   Decrease number of Java threads
#   Decrease Java thread stack sizes (-Xss)
#   Set larger code cache with -XX:ReservedCodeCacheSize=
#   JVM is running with Unscaled Compressed Oops mode in which the Java heap is
#     placed in the first 4GB address space. The Java Heap base address is the
#     maximum limit for the native heap growth. Please use -XX:HeapBaseMinAddress
#     to set the Java Heap base and to place the Java Heap above 4GB virtual address.
# This output file may be truncated or incomplete.
#
#  Out of Memory Error (virtualSpaceNode.cpp:110), pid=18544, tid=26892
#
# JRE version: OpenJDK Runtime Environment (17.0.7) (build 17.0.7+0-b2043.56-10550314)
# Java VM: OpenJDK 64-Bit Server VM (17.0.7+0-b2043.56-10550314, mixed mode, tiered, compressed oops, compressed class ptrs, g1 gc, windows-amd64)
# No core dump will be written. Minidumps are not enabled by default on client versions of Windows
#

---------------  S U M M A R Y ------------

Command Line: -Dorg.gradle.appname=gradlew org.gradle.wrapper.GradleWrapperMain -q -Ptarget-platform=android-arm64 -Ptarget=D:\FlutterProject\todolist\lib\main.dart -Pbase-application-name=android.app.Application -Pdart-defines=RkxVVFRFUl9XRUJfQVVUT19ERVRFQ1Q9dHJ1ZQ==,RkxVVFRFUl9XRUJfQ0FOVkFTS0lUX1VSTD1odHRwczovL3d3dy5nc3RhdGljLmNvbS9mbHV0dGVyLWNhbnZhc2tpdC81NGE3MTQ1MzAzZjBkZDlkMGY5MzQyNGEyZTEyNGViNGFiZWY1MDkxLw== -Pdart-obfuscation=false -Ptrack-widget-creation=true -Ptree-shake-icons=false -Pfilesystem-scheme=org-dartlang-root assembleDebug

Host: AMD Ryzen 5 5600H with Radeon Graphics         , 12 cores, 5G,  Windows 10 , 64 bit Build 19041 (10.0.19041.3636)
Time: Wed Dec 27 18:17:42 2023 W. Central Africa Standard Time elapsed time: 0.583034 seconds (0d 0h 0m 0s)

---------------  T H R E A D  ---------------

Current thread (0x0000022539bb24c0):  JavaThread "main" [_thread_in_vm, id=26892, stack(0x0000007dc8600000,0x0000007dc8700000)]

Stack: [0x0000007dc8600000,0x0000007dc8700000]
Native frames: (J=compiled Java code, j=interpreted, Vv=VM code, C=native code)
V  [jvm.dll+0x683bfa]
V  [jvm.dll+0x8430a4]
V  [jvm.dll+0x8449be]
V  [jvm.dll+0x845023]
V  [jvm.dll+0x24ad2f]
V  [jvm.dll+0x83e45b]
V  [jvm.dll+0x6281e6]
V  [jvm.dll+0x1c29ee]
V  [jvm.dll+0x62ab31]
V  [jvm.dll+0x628b86]
V  [jvm.dll+0x240030]
V  [jvm.dll+0x1ef45d]
V  [jvm.dll+0x1e4e1c]
V  [jvm.dll+0x54a1dd]
V  [jvm.dll+0x7bd775]
V  [jvm.dll+0x7bd88e]
V  [jvm.dll+0x413a8a]
V  [jvm.dll+0x419c09]
C  [java.dll+0x17ec]

Java frames: (J=compiled Java code, j=interpreted, Vv=VM code)
J 775  java.lang.ClassLoader.defineClass1(Ljava/lang/ClassLoader;Ljava/lang/String;[BIILjava/security/ProtectionDomain;Ljava/lang/String;)Ljava/lang/Class; java.base@17.0.7 (0 bytes) @ 0x0000022544ba13db [0x0000022544ba1320+0x00000000000000bb]
j  java.lang.ClassLoader.defineClass(Ljava/lang/String;[BIILjava/security/ProtectionDomain;)Ljava/lang/Class;+27 java.base@17.0.7
j  java.security.SecureClassLoader.defineClass(Ljava/lang/String;[BIILjava/security/CodeSource;)Ljava/lang/Class;+12 java.base@17.0.7
j  java.net.URLClassLoader.defineClass(Ljava/lang/String;Ljdk/internal/loader/Resource;)Ljava/lang/Class;+220 java.base@17.0.7
J 772 c1 java.net.URLClassLoader$1.run()Ljava/lang/Class; java.base@17.0.7 (81 bytes) @ 0x000002253d1ec5e4 [0x000002253d1eb9a0+0x0000000000000c44]
J 722 c1 java.net.URLClassLoader$1.run()Ljava/lang/Object; java.base@17.0.7 (5 bytes) @ 0x000002253d1d2744 [0x000002253d1d26c0+0x0000000000000084]
J 646 c1 java.security.AccessController.doPrivileged(Ljava/security/PrivilegedExceptionAction;Ljava/security/AccessControlContext;)Ljava/lang/Object; java.base@17.0.7 (26 bytes) @ 0x000002253d198c74 [0x000002253d198aa0+0x00000000000001d4]
J 720 c1 java.net.URLClassLoader.findClass(Ljava/lang/String;)Ljava/lang/Class; java.base@17.0.7 (47 bytes) @ 0x000002253d1d1a14 [0x000002253d1d1880+0x0000000000000194]
J 589 c1 java.lang.ClassLoader.loadClass(Ljava/lang/String;Z)Ljava/lang/Class; java.base@17.0.7 (121 bytes) @ 0x000002253d17dc5c [0x000002253d17d6c0+0x000000000000059c]
J 728 c1 java.lang.ClassLoader.loadClass(Ljava/lang/String;)Ljava/lang/Class; java.base@17.0.7 (7 bytes) @ 0x000002253d1d8cbc [0x000002253d1d8bc0+0x00000000000000fc]
v  ~StubRoutines::call_stub
j  org.gradle.initialization.BuildLayoutParametersBuildOptions.<clinit>()V+9
v  ~StubRoutines::call_stub
j  org.gradle.initialization.LayoutCommandLineConverter.<init>()V+5
j  org.gradle.launcher.cli.converter.BuildLayoutConverter.<init>()V+9
j  org.gradle.launcher.cli.DefaultCommandLineActionFactory$WithLogging.execute(Lorg/gradle/launcher/bootstrap/ExecutionListener;)V+43
j  org.gradle.launcher.Main.doAction([Ljava/lang/String;Lorg/gradle/launcher/bootstrap/ExecutionListener;)V+14
j  org.gradle.launcher.bootstrap.EntryPoint.run([Ljava/lang/String;)V+12
v  ~StubRoutines::call_stub
j  jdk.internal.reflect.NativeMethodAccessorImpl.invoke0(Ljava/lang/reflect/Method;Ljava/lang/Object;[Ljava/lang/Object;)Ljava/lang/Object;+0 java.base@17.0.7
j  jdk.internal.reflect.NativeMethodAccessorImpl.invoke(Ljava/lang/Object;[Ljava/lang/Object;)Ljava/lang/Object;+133 java.base@17.0.7
j  jdk.internal.reflect.DelegatingMethodAccessorImpl.invoke(Ljava/lang/Object;[Ljava/lang/Object;)Ljava/lang/Object;+6 java.base@17.0.7
j  java.lang.reflect.Method.invoke(Ljava/lang/Object;[Ljava/lang/Object;)Ljava/lang/Object;+59 java.base@17.0.7
j  org.gradle.launcher.bootstrap.ProcessBootstrap.runNoExit(Ljava/lang/String;[Ljava/lang/String;)V+159
j  org.gradle.launcher.bootstrap.ProcessBootstrap.run(Ljava/lang/String;[Ljava/lang/String;)V+2
v  ~StubRoutines::call_stub
j  jdk.internal.reflect.NativeMethodAccessorImpl.invoke0(Ljava/lang/reflect/Method;Ljava/lang/Object;[Ljava/lang/Object;)Ljava/lang/Object;+0 java.base@17.0.7
j  jdk.internal.reflect.NativeMethodAccessorImpl.invoke(Ljava/lang/Object;[Ljava/lang/Object;)Ljava/lang/Object;+133 java.base@17.0.7
j  jdk.internal.reflect.DelegatingMethodAccessorImpl.invoke(Ljava/lang/Object;[Ljava/lang/Object;)Ljava/lang/Object;+6 java.base@17.0.7
j  java.lang.reflect.Method.invoke(Ljava/lang/Object;[Ljava/lang/Object;)Ljava/lang/Object;+59 java.base@17.0.7
j  org.gradle.launcher.GradleMain.main([Ljava/lang/String;)V+100
v  ~StubRoutines::call_stub
j  jdk.internal.reflect.NativeMethodAccessorImpl.invoke0(Ljava/lang/reflect/Method;Ljava/lang/Object;[Ljava/lang/Object;)Ljava/lang/Object;+0 java.base@17.0.7
j  jdk.internal.reflect.NativeMethodAccessorImpl.invoke(Ljava/lang/Object;[Ljava/lang/Object;)Ljava/lang/Object;+133 java.base@17.0.7
j  jdk.internal.reflect.DelegatingMethodAccessorImpl.invoke(Ljava/lang/Object;[Ljava/lang/Object;)Ljava/lang/Object;+6 java.base@17.0.7
j  java.lang.reflect.Method.invoke(Ljava/lang/Object;[Ljava/lang/Object;)Ljava/lang/Object;+59 java.base@17.0.7
j  org.gradle.wrapper.BootstrapMainStarter.start([Ljava/lang/String;Ljava/io/File;)V+82
j  org.gradle.wrapper.WrapperExecutor.execute([Ljava/lang/String;Lorg/gradle/wrapper/Install;Lorg/gradle/wrapper/BootstrapMainStarter;)V+14
j  org.gradle.wrapper.GradleWrapperMain.main([Ljava/lang/String;)V+190
v  ~StubRoutines::call_stub

---------------  P R O C E S S  ---------------

Threads class SMR info:
_java_thread_list=0x0000022552d1ec40, length=13, elements={
0x0000022539bb24c0, 0x0000022552b82010, 0x0000022552b83da0, 0x0000022552a299e0,
0x0000022552a2c2b0, 0x0000022552a2cb70, 0x0000022552a2d430, 0x0000022552a31520,
0x0000022552bcd020, 0x0000022552bcf930, 0x0000022552d1aef0, 0x0000022552d1fd90,
0x000002255721a6b0
}

Java Threads: ( => current thread )
=>0x0000022539bb24c0 JavaThread "main" [_thread_in_vm, id=26892, stack(0x0000007dc8600000,0x0000007dc8700000)]
  0x0000022552b82010 JavaThread "Reference Handler" daemon [_thread_blocked, id=16180, stack(0x0000007dc8d00000,0x0000007dc8e00000)]
  0x0000022552b83da0 JavaThread "Finalizer" daemon [_thread_blocked, id=15492, stack(0x0000007dc8e00000,0x0000007dc8f00000)]
  0x0000022552a299e0 JavaThread "Signal Dispatcher" daemon [_thread_blocked, id=12452, stack(0x0000007dc8f00000,0x0000007dc9000000)]
  0x0000022552a2c2b0 JavaThread "Attach Listener" daemon [_thread_blocked, id=12292, stack(0x0000007dc9000000,0x0000007dc9100000)]
  0x0000022552a2cb70 JavaThread "Service Thread" daemon [_thread_blocked, id=13012, stack(0x0000007dc9100000,0x0000007dc9200000)]
  0x0000022552a2d430 JavaThread "Monitor Deflation Thread" daemon [_thread_blocked, id=5340, stack(0x0000007dc9200000,0x0000007dc9300000)]
  0x0000022552a31520 JavaThread "C2 CompilerThread0" daemon [_thread_blocked, id=28940, stack(0x0000007dc9300000,0x0000007dc9400000)]
  0x0000022552bcd020 JavaThread "C1 CompilerThread0" daemon [_thread_blocked, id=20844, stack(0x0000007dc9400000,0x0000007dc9500000)]
  0x0000022552bcf930 JavaThread "Sweeper thread" daemon [_thread_blocked, id=6752, stack(0x0000007dc9500000,0x0000007dc9600000)]
  0x0000022552d1aef0 JavaThread "Notification Thread" daemon [_thread_blocked, id=27684, stack(0x0000007dc9600000,0x0000007dc9700000)]
  0x0000022552d1fd90 JavaThread "Common-Cleaner" daemon [_thread_blocked, id=8132, stack(0x0000007dc9800000,0x0000007dc9900000)]
  0x000002255721a6b0 JavaThread "C2 CompilerThread1" daemon [_thread_in_native, id=25676, stack(0x0000007dc9900000,0x0000007dc9a00000)]

Other Threads:
  0x00000225529c06c0 VMThread "VM Thread" [stack: 0x0000007dc8c00000,0x0000007dc8d00000] [id=12580]
  0x0000022539c15ef0 WatcherThread [stack: 0x0000007dc9700000,0x0000007dc9800000] [id=15408]
  0x0000022539bfdb80 GCTaskThread "GC Thread#0" [stack: 0x0000007dc8700000,0x0000007dc8800000] [id=11588]
  0x0000022539c0a550 ConcurrentGCThread "G1 Main Marker" [stack: 0x0000007dc8800000,0x0000007dc8900000] [id=27188]
  0x0000022539c0be80 ConcurrentGCThread "G1 Conc#0" [stack: 0x0000007dc8900000,0x0000007dc8a00000] [id=23684]
  0x00000225528720c0 ConcurrentGCThread "G1 Refine#0" [stack: 0x0000007dc8a00000,0x0000007dc8b00000] [id=21980]
  0x00000225528729f0 ConcurrentGCThread "G1 Service" [stack: 0x0000007dc8b00000,0x0000007dc8c00000] [id=26596]

Threads with active compile tasks:
C2 CompilerThread1      605  790  s!   4       jdk.internal.loader.URLClassPath::getLoader (194 bytes)

VM state: not at safepoint (normal execution)

VM Mutex/Monitor currently owned by a thread:  ([mutex/lock_event])
[0x0000022539bae6b0] Metaspace_lock - owner thread: 0x0000022539bb24c0

Heap address: 0x00000000a2400000, size: 1500 MB, Compressed Oops mode: 32-bit

CDS archive(s) not mapped
Compressed class space mapped at: 0x0000000100000000-0x0000000140000000, reserved size: 1073741824
Narrow klass base: 0x0000000000000000, Narrow klass shift: 3, Narrow klass range: 0x140000000

GC Precious Log:
 CPUs: 12 total, 12 available
 Memory: 5996M
 Large Page Support: Disabled
 NUMA Support: Disabled
 Compressed Oops: Enabled (32-bit)
 Heap Region Size: 1M
 Heap Min Capacity: 8M
 Heap Initial Capacity: 94M
 Heap Max Capacity: 1500M
 Pre-touch: Disabled
 Parallel Workers: 10
 Concurrent Workers: 3
 Concurrent Refinement Workers: 10
 Periodic GC: Disabled

Heap:
 garbage-first heap   total 96256K, used 25600K [0x00000000a2400000, 0x0000000100000000)
  region size 1024K, 21 young (21504K), 0 survivors (0K)
 Metaspace       used 10224K, committed 10304K, reserved 1114112K
  class space    used 988K, committed 1024K, reserved 1048576K

Heap Regions: E=young(eden), S=young(survivor), O=old, HS=humongous(starts), HC=humongous(continues), CS=collection set, F=free, OA=open archive, CA=closed archive, TAMS=top-at-mark-start (previous, next)
|   0|0x00000000a2400000, 0x00000000a2500000, 0x00000000a2500000|100%|HS|  |TAMS 0x00000000a2400000, 0x00000000a2400000| Complete 
|   1|0x00000000a2500000, 0x00000000a2600000, 0x00000000a2600000|100%|HC|  |TAMS 0x00000000a2500000, 0x00000000a2500000| Complete 
|   2|0x00000000a2600000, 0x00000000a2700000, 0x00000000a2700000|100%|HC|  |TAMS 0x00000000a2600000, 0x00000000a2600000| Complete 
|   3|0x00000000a2700000, 0x00000000a2800000, 0x00000000a2800000|100%|HS|  |TAMS 0x00000000a2700000, 0x00000000a2700000| Complete 
|   4|0x00000000a2800000, 0x00000000a2900000, 0x00000000a2900000|100%|HC|  |TAMS 0x00000000a2800000, 0x00000000a2800000| Complete 
|   5|0x00000000a2900000, 0x00000000a2a00000, 0x00000000a2a00000|100%|HC|  |TAMS 0x00000000a2900000, 0x00000000a2900000| Complete 
|   6|0x00000000a2a00000, 0x00000000a2a00000, 0x00000000a2b00000|  0%| F|  |TAMS 0x00000000a2a00000, 0x00000000a2a00000| Untracked 
|   7|0x00000000a2b00000, 0x00000000a2b00000, 0x00000000a2c00000|  0%| F|  |TAMS 0x00000000a2b00000, 0x00000000a2b00000| Untracked 
|   8|0x00000000a2c00000, 0x00000000a2c00000, 0x00000000a2d00000|  0%| F|  |TAMS 0x00000000a2c00000, 0x00000000a2c00000| Untracked 
|   9|0x00000000a2d00000, 0x00000000a2d00000, 0x00000000a2e00000|  0%| F|  |TAMS 0x00000000a2d00000, 0x00000000a2d00000| Untracked 
|  10|0x00000000a2e00000, 0x00000000a2e00000, 0x00000000a2f00000|  0%| F|  |TAMS 0x00000000a2e00000, 0x00000000a2e00000| Untracked 
|  11|0x00000000a2f00000, 0x00000000a2f00000, 0x00000000a3000000|  0%| F|  |TAMS 0x00000000a2f00000, 0x00000000a2f00000| Untracked 
|  12|0x00000000a3000000, 0x00000000a3000000, 0x00000000a3100000|  0%| F|  |TAMS 0x00000000a3000000, 0x00000000a3000000| Untracked 
|  13|0x00000000a3100000, 0x00000000a3100000, 0x00000000a3200000|  0%| F|  |TAMS 0x00000000a3100000, 0x00000000a3100000| Untracked 
|  14|0x00000000a3200000, 0x00000000a3200000, 0x00000000a3300000|  0%| F|  |TAMS 0x00000000a3200000, 0x00000000a3200000| Untracked 
|  15|0x00000000a3300000, 0x00000000a3300000, 0x00000000a3400000|  0%| F|  |TAMS 0x00000000a3300000, 0x00000000a3300000| Untracked 
|  16|0x00000000a3400000, 0x00000000a3400000, 0x00000000a3500000|  0%| F|  |TAMS 0x00000000a3400000, 0x00000000a3400000| Untracked 
|  17|0x00000000a3500000, 0x00000000a3500000, 0x00000000a3600000|  0%| F|  |TAMS 0x00000000a3500000, 0x00000000a3500000| Untracked 
|  18|0x00000000a3600000, 0x00000000a3600000, 0x00000000a3700000|  0%| F|  |TAMS 0x00000000a3600000, 0x00000000a3600000| Untracked 
|  19|0x00000000a3700000, 0x00000000a3700000, 0x00000000a3800000|  0%| F|  |TAMS 0x00000000a3700000, 0x00000000a3700000| Untracked 
|  20|0x00000000a3800000, 0x00000000a3800000, 0x00000000a3900000|  0%| F|  |TAMS 0x00000000a3800000, 0x00000000a3800000| Untracked 
|  21|0x00000000a3900000, 0x00000000a3900000, 0x00000000a3a00000|  0%| F|  |TAMS 0x00000000a3900000, 0x00000000a3900000| Untracked 
|  22|0x00000000a3a00000, 0x00000000a3a00000, 0x00000000a3b00000|  0%| F|  |TAMS 0x00000000a3a00000, 0x00000000a3a00000| Untracked 
|  23|0x00000000a3b00000, 0x00000000a3b00000, 0x00000000a3c00000|  0%| F|  |TAMS 0x00000000a3b00000, 0x00000000a3b00000| Untracked 
|  24|0x00000000a3c00000, 0x00000000a3c00000, 0x00000000a3d00000|  0%| F|  |TAMS 0x00000000a3c00000, 0x00000000a3c00000| Untracked 
|  25|0x00000000a3d00000, 0x00000000a3d00000, 0x00000000a3e00000|  0%| F|  |TAMS 0x00000000a3d00000, 0x00000000a3d00000| Untracked 
|  26|0x00000000a3e00000, 0x00000000a3e00000, 0x00000000a3f00000|  0%| F|  |TAMS 0x00000000a3e00000, 0x00000000a3e00000| Untracked 
|  27|0x00000000a3f00000, 0x00000000a3f00000, 0x00000000a4000000|  0%| F|  |TAMS 0x00000000a3f00000, 0x00000000a3f00000| Untracked 
|  28|0x00000000a4000000, 0x00000000a4000000, 0x00000000a4100000|  0%| F|  |TAMS 0x00000000a4000000, 0x00000000a4000000| Untracked 
|  29|0x00000000a4100000, 0x00000000a4100000, 0x00000000a4200000|  0%| F|  |TAMS 0x00000000a4100000, 0x00000000a4100000| Untracked 
|  30|0x00000000a4200000, 0x00000000a4200000, 0x00000000a4300000|  0%| F|  |TAMS 0x00000000a4200000, 0x00000000a4200000| Untracked 
|  31|0x00000000a4300000, 0x00000000a4300000, 0x00000000a4400000|  0%| F|  |TAMS 0x00000000a4300000, 0x00000000a4300000| Untracked 
|  32|0x00000000a4400000, 0x00000000a4400000, 0x00000000a4500000|  0%| F|  |TAMS 0x00000000a4400000, 0x00000000a4400000| Untracked 
|  33|0x00000000a4500000, 0x00000000a4500000, 0x00000000a4600000|  0%| F|  |TAMS 0x00000000a4500000, 0x00000000a4500000| Untracked 
|  34|0x00000000a4600000, 0x00000000a4600000, 0x00000000a4700000|  0%| F|  |TAMS 0x00000000a4600000, 0x00000000a4600000| Untracked 
|  35|0x00000000a4700000, 0x00000000a4700000, 0x00000000a4800000|  0%| F|  |TAMS 0x00000000a4700000, 0x00000000a4700000| Untracked 
|  36|0x00000000a4800000, 0x00000000a4800000, 0x00000000a4900000|  0%| F|  |TAMS 0x00000000a4800000, 0x00000000a4800000| Untracked 
|  37|0x00000000a4900000, 0x00000000a4900000, 0x00000000a4a00000|  0%| F|  |TAMS 0x00000000a4900000, 0x00000000a4900000| Untracked 
|  38|0x00000000a4a00000, 0x00000000a4a00000, 0x00000000a4b00000|  0%| F|  |TAMS 0x00000000a4a00000, 0x00000000a4a00000| Untracked 
|  39|0x00000000a4b00000, 0x00000000a4b00000, 0x00000000a4c00000|  0%| F|  |TAMS 0x00000000a4b00000, 0x00000000a4b00000| Untracked 
|  40|0x00000000a4c00000, 0x00000000a4c00000, 0x00000000a4d00000|  0%| F|  |TAMS 0x00000000a4c00000, 0x00000000a4c00000| Untracked 
|  41|0x00000000a4d00000, 0x00000000a4d00000, 0x00000000a4e00000|  0%| F|  |TAMS 0x00000000a4d00000, 0x00000000a4d00000| Untracked 
|  42|0x00000000a4e00000, 0x00000000a4e00000, 0x00000000a4f00000|  0%| F|  |TAMS 0x00000000a4e00000, 0x00000000a4e00000| Untracked 
|  43|0x00000000a4f00000, 0x00000000a4f00000, 0x00000000a5000000|  0%| F|  |TAMS 0x00000000a4f00000, 0x00000000a4f00000| Untracked 
|  44|0x00000000a5000000, 0x00000000a5000000, 0x00000000a5100000|  0%| F|  |TAMS 0x00000000a5000000, 0x00000000a5000000| Untracked 
|  45|0x00000000a5100000, 0x00000000a5100000, 0x00000000a5200000|  0%| F|  |TAMS 0x00000000a5100000, 0x00000000a5100000| Untracked 
|  46|0x00000000a5200000, 0x00000000a5200000, 0x00000000a5300000|  0%| F|  |TAMS 0x00000000a5200000, 0x00000000a5200000| Untracked 
|  47|0x00000000a5300000, 0x00000000a5300000, 0x00000000a5400000|  0%| F|  |TAMS 0x00000000a5300000, 0x00000000a5300000| Untracked 
|  48|0x00000000a5400000, 0x00000000a5400000, 0x00000000a5500000|  0%| F|  |TAMS 0x00000000a5400000, 0x00000000a5400000| Untracked 
|  49|0x00000000a5500000, 0x00000000a5500000, 0x00000000a5600000|  0%| F|  |TAMS 0x00000000a5500000, 0x00000000a5500000| Untracked 
|  50|0x00000000a5600000, 0x00000000a5600000, 0x00000000a5700000|  0%| F|  |TAMS 0x00000000a5600000, 0x00000000a5600000| Untracked 
|  51|0x00000000a5700000, 0x00000000a5700000, 0x00000000a5800000|  0%| F|  |TAMS 0x00000000a5700000, 0x00000000a5700000| Untracked 
|  52|0x00000000a5800000, 0x00000000a5800000, 0x00000000a5900000|  0%| F|  |TAMS 0x00000000a5800000, 0x00000000a5800000| Untracked 
|  53|0x00000000a5900000, 0x00000000a5900000, 0x00000000a5a00000|  0%| F|  |TAMS 0x00000000a5900000, 0x00000000a5900000| Untracked 
|  54|0x00000000a5a00000, 0x00000000a5a00000, 0x00000000a5b00000|  0%| F|  |TAMS 0x00000000a5a00000, 0x00000000a5a00000| Untracked 
|  55|0x00000000a5b00000, 0x00000000a5b00000, 0x00000000a5c00000|  0%| F|  |TAMS 0x00000000a5b00000, 0x00000000a5b00000| Untracked 
|  56|0x00000000a5c00000, 0x00000000a5c00000, 0x00000000a5d00000|  0%| F|  |TAMS 0x00000000a5c00000, 0x00000000a5c00000| Untracked 
|  57|0x00000000a5d00000, 0x00000000a5d00000, 0x00000000a5e00000|  0%| F|  |TAMS 0x00000000a5d00000, 0x00000000a5d00000| Untracked 
|  58|0x00000000a5e00000, 0x00000000a5e00000, 0x00000000a5f00000|  0%| F|  |TAMS 0x00000000a5e00000, 0x00000000a5e00000| Untracked 
|  59|0x00000000a5f00000, 0x00000000a5f00000, 0x00000000a6000000|  0%| F|  |TAMS 0x00000000a5f00000, 0x00000000a5f00000| Untracked 
|  60|0x00000000a6000000, 0x00000000a6000000, 0x00000000a6100000|  0%| F|  |TAMS 0x00000000a6000000, 0x00000000a6000000| Untracked 
|  61|0x00000000a6100000, 0x00000000a6100000, 0x00000000a6200000|  0%| F|  |TAMS 0x00000000a6100000, 0x00000000a6100000| Untracked 
|  62|0x00000000a6200000, 0x00000000a6200000, 0x00000000a6300000|  0%| F|  |TAMS 0x00000000a6200000, 0x00000000a6200000| Untracked 
|  63|0x00000000a6300000, 0x00000000a6300000, 0x00000000a6400000|  0%| F|  |TAMS 0x00000000a6300000, 0x00000000a6300000| Untracked 
|  64|0x00000000a6400000, 0x00000000a6400000, 0x00000000a6500000|  0%| F|  |TAMS 0x00000000a6400000, 0x00000000a6400000| Untracked 
|  65|0x00000000a6500000, 0x00000000a6500000, 0x00000000a6600000|  0%| F|  |TAMS 0x00000000a6500000, 0x00000000a6500000| Untracked 
|  66|0x00000000a6600000, 0x00000000a6600000, 0x00000000a6700000|  0%| F|  |TAMS 0x00000000a6600000, 0x00000000a6600000| Untracked 
|  67|0x00000000a6700000, 0x00000000a6700000, 0x00000000a6800000|  0%| F|  |TAMS 0x00000000a6700000, 0x00000000a6700000| Untracked 
|  68|0x00000000a6800000, 0x00000000a6800000, 0x00000000a6900000|  0%| F|  |TAMS 0x00000000a6800000, 0x00000000a6800000| Untracked 
|  69|0x00000000a6900000, 0x00000000a6900000, 0x00000000a6a00000|  0%| F|  |TAMS 0x00000000a6900000, 0x00000000a6900000| Untracked 
|  70|0x00000000a6a00000, 0x00000000a6a00000, 0x00000000a6b00000|  0%| F|  |TAMS 0x00000000a6a00000, 0x00000000a6a00000| Untracked 
|  71|0x00000000a6b00000, 0x00000000a6b00000, 0x00000000a6c00000|  0%| F|  |TAMS 0x00000000a6b00000, 0x00000000a6b00000| Untracked 
|  72|0x00000000a6c00000, 0x00000000a6c00000, 0x00000000a6d00000|  0%| F|  |TAMS 0x00000000a6c00000, 0x00000000a6c00000| Untracked 
|  73|0x00000000a6d00000, 0x00000000a6d76c00, 0x00000000a6e00000| 46%| E|  |TAMS 0x00000000a6d00000, 0x00000000a6d00000| Complete 
|  74|0x00000000a6e00000, 0x00000000a6f00000, 0x00000000a6f00000|100%| E|CS|TAMS 0x00000000a6e00000, 0x00000000a6e00000| Complete 
|  75|0x00000000a6f00000, 0x00000000a7000000, 0x00000000a7000000|100%| E|CS|TAMS 0x00000000a6f00000, 0x00000000a6f00000| Complete 
|  76|0x00000000a7000000, 0x00000000a7100000, 0x00000000a7100000|100%| E|CS|TAMS 0x00000000a7000000, 0x00000000a7000000| Complete 
|  77|0x00000000a7100000, 0x00000000a7200000, 0x00000000a7200000|100%| E|  |TAMS 0x00000000a7100000, 0x00000000a7100000| Complete 
|  78|0x00000000a7200000, 0x00000000a7300000, 0x00000000a7300000|100%| E|CS|TAMS 0x00000000a7200000, 0x00000000a7200000| Complete 
|  79|0x00000000a7300000, 0x00000000a7400000, 0x00000000a7400000|100%| E|CS|TAMS 0x00000000a7300000, 0x00000000a7300000| Complete 
|  80|0x00000000a7400000, 0x00000000a7500000, 0x00000000a7500000|100%| E|CS|TAMS 0x00000000a7400000, 0x00000000a7400000| Complete 
|  81|0x00000000a7500000, 0x00000000a7600000, 0x00000000a7600000|100%| E|CS|TAMS 0x00000000a7500000, 0x00000000a7500000| Complete 
|  82|0x00000000a7600000, 0x00000000a7700000, 0x00000000a7700000|100%| E|CS|TAMS 0x00000000a7600000, 0x00000000a7600000| Complete 
|  83|0x00000000a7700000, 0x00000000a7800000, 0x00000000a7800000|100%| E|CS|TAMS 0x00000000a7700000, 0x00000000a7700000| Complete 
|  84|0x00000000a7800000, 0x00000000a7900000, 0x00000000a7900000|100%| E|CS|TAMS 0x00000000a7800000, 0x00000000a7800000| Complete 
|  85|0x00000000a7900000, 0x00000000a7a00000, 0x00000000a7a00000|100%| E|CS|TAMS 0x00000000a7900000, 0x00000000a7900000| Complete 
|  86|0x00000000a7a00000, 0x00000000a7b00000, 0x00000000a7b00000|100%| E|CS|TAMS 0x00000000a7a00000, 0x00000000a7a00000| Complete 
|  87|0x00000000a7b00000, 0x00000000a7c00000, 0x00000000a7c00000|100%| E|CS|TAMS 0x00000000a7b00000, 0x00000000a7b00000| Complete 
|  88|0x00000000a7c00000, 0x00000000a7d00000, 0x00000000a7d00000|100%| E|CS|TAMS 0x00000000a7c00000, 0x00000000a7c00000| Complete 
|  89|0x00000000a7d00000, 0x00000000a7e00000, 0x00000000a7e00000|100%| E|CS|TAMS 0x00000000a7d00000, 0x00000000a7d00000| Complete 
|  90|0x00000000a7e00000, 0x00000000a7f00000, 0x00000000a7f00000|100%| E|CS|TAMS 0x00000000a7e00000, 0x00000000a7e00000| Complete 
|  91|0x00000000a7f00000, 0x00000000a8000000, 0x00000000a8000000|100%| E|CS|TAMS 0x00000000a7f00000, 0x00000000a7f00000| Complete 
|  92|0x00000000a8000000, 0x00000000a8100000, 0x00000000a8100000|100%| E|CS|TAMS 0x00000000a8000000, 0x00000000a8000000| Complete 
|  93|0x00000000a8100000, 0x00000000a8200000, 0x00000000a8200000|100%| E|CS|TAMS 0x00000000a8100000, 0x00000000a8100000| Complete 

Card table byte_map: [0x000002254c8d0000,0x000002254cbc0000] _byte_map_base: 0x000002254c3be000

Marking Bits (Prev, Next): (CMBitMap*) 0x0000022539bfe0a0, (CMBitMap*) 0x0000022539bfe0e0
 Prev Bits: [0x000002254ceb0000, 0x000002254e620000)
 Next Bits: [0x000002254e620000, 0x000002254fd90000)

Polling page: 0x0000022537af0000

Metaspace:

Usage:
  Non-class:      9.02 MB used.
      Class:    988.31 KB used.
       Both:      9.98 MB used.

Virtual space:
  Non-class space:       64.00 MB reserved,       9.06 MB ( 14%) committed,  1 nodes.
      Class space:        1.00 GB reserved,       1.00 MB ( <1%) committed,  1 nodes.
             Both:        1.06 GB reserved,      10.06 MB ( <1%) committed. 

Chunk freelists:
   Non-Class:  6.61 MB
       Class:  15.01 MB
        Both:  21.62 MB

MaxMetaspaceSize: unlimited
CompressedClassSpaceSize: 1.00 GB
Initial GC threshold: 21.00 MB
Current GC threshold: 21.00 MB
CDS: off
MetaspaceReclaimPolicy: balanced
 - commit_granule_bytes: 65536.
 - commit_granule_words: 8192.
 - virtual_space_node_default_size: 8388608.
 - enlarge_chunks_in_place: 1.
 - new_chunks_are_fully_committed: 0.
 - uncommit_free_chunks: 1.
 - use_allocation_guard: 0.
 - handle_deallocations: 1.


Internal statistics:

num_allocs_failed_limit: 0.
num_arena_births: 16.
num_arena_deaths: 0.
num_vsnodes_births: 2.
num_vsnodes_deaths: 0.
num_space_committed: 161.
num_space_uncommitted: 0.
num_chunks_returned_to_freelist: 0.
num_chunks_taken_from_freelist: 89.
num_chunk_merges: 0.
num_chunk_splits: 51.
num_chunks_enlarged: 43.
num_inconsistent_stats: 0.

CodeHeap 'non-profiled nmethods': size=120000Kb used=274Kb max_used=274Kb free=119725Kb
 bounds [0x0000022544b60000, 0x0000022544dd0000, 0x000002254c090000]
CodeHeap 'profiled nmethods': size=120000Kb used=1427Kb max_used=1427Kb free=118572Kb
 bounds [0x000002253d090000, 0x000002253d300000, 0x00000225445c0000]
CodeHeap 'non-nmethods': size=5760Kb used=1125Kb max_used=1157Kb free=4635Kb
 bounds [0x00000225445c0000, 0x0000022544830000, 0x0000022544b60000]
 total_blobs=1198 nmethods=789 adapters=322
 compilation: enabled
              stopped_count=0, restarted_count=0
 full_count=0

Compilation events (20 events):
Event: 0.565 Thread 0x0000022552bcd020  779   !   3       java.lang.ClassLoader::addClass (27 bytes)
Event: 0.566 Thread 0x0000022552bcd020 nmethod 779 0x000002253d1f0a10 code [0x000002253d1f0be0, 0x000002253d1f1188]
Event: 0.567 Thread 0x0000022552a31520  780       4       java.util.zip.ZipCoder::hash (36 bytes)
Event: 0.568 Thread 0x000002255721a6b0  781   !   4       java.util.jar.JarFile::checkForSpecialAttributes (163 bytes)
Event: 0.570 Thread 0x0000022552bcd020  782       3       java.nio.charset.CharsetDecoder::flush (49 bytes)
Event: 0.571 Thread 0x0000022552bcd020 nmethod 782 0x000002253d1f1490 code [0x000002253d1f1660, 0x000002253d1f1a48]
Event: 0.574 Thread 0x0000022552bcd020  784   !   3       java.util.zip.ZipFile$ZipFileInputStream::read (135 bytes)
Event: 0.575 Thread 0x0000022552bcd020 nmethod 784 0x000002253d1f1b90 code [0x000002253d1f1da0, 0x000002253d1f2478]
Event: 0.575 Thread 0x0000022552bcd020  785       3       java.util.zip.ZipFile::ensureOpenOrZipException (19 bytes)
Event: 0.576 Thread 0x0000022552a31520 nmethod 780 0x0000022544ba1690 code [0x0000022544ba1820, 0x0000022544ba1b38]
Event: 0.576 Thread 0x0000022552a31520  783   !   4       java.util.zip.ZipFile$Source::getEntryPos (173 bytes)
Event: 0.576 Thread 0x0000022552bcd020 nmethod 785 0x000002253d1f2810 code [0x000002253d1f29c0, 0x000002253d1f2be8]
Event: 0.576 Thread 0x0000022552bcd020  786       3       java.util.zip.ZipFile$ZipFileInputStream::initDataOffset (117 bytes)
Event: 0.577 Thread 0x0000022552bcd020 nmethod 786 0x000002253d1f2d10 code [0x000002253d1f2f40, 0x000002253d1f3768]
Event: 0.577 Thread 0x0000022552bcd020  787       3       java.util.zip.ZipUtils::LOCNAM (7 bytes)
Event: 0.577 Thread 0x0000022552bcd020 nmethod 787 0x000002253d1f3a90 code [0x000002253d1f3c20, 0x000002253d1f3dd8]
Event: 0.577 Thread 0x0000022552bcd020  788       3       java.util.zip.ZipUtils::LOCEXT (7 bytes)
Event: 0.577 Thread 0x0000022552bcd020 nmethod 788 0x000002253d1f3f10 code [0x000002253d1f40a0, 0x000002253d1f4258]
Event: 0.577 Thread 0x0000022552bcd020  789   !   3       java.util.zip.ZipFile$Source::readAt (39 bytes)
Event: 0.578 Thread 0x0000022552bcd020 nmethod 789 0x000002253d1f4390 code [0x000002253d1f4580, 0x000002253d1f4a08]

GC Heap History (0 events):
No events

Dll operation events (2 events):
Event: 0.007 Loaded shared library C:\Users\Mohammed Rabie SEBA\AppData\Local\JetBrains\Toolbox\apps\AndroidStudio\ch-0\231.9392.1.2311.11076708\jbr\bin\java.dll
Event: 0.097 Loaded shared library C:\Users\Mohammed Rabie SEBA\AppData\Local\JetBrains\Toolbox\apps\AndroidStudio\ch-0\231.9392.1.2311.11076708\jbr\bin\verify.dll

Deoptimization events (20 events):
Event: 0.391 Thread 0x0000022539bb24c0 DEOPT PACKING pc=0x0000022544b860b4 sp=0x0000007dc86fd240
Event: 0.391 Thread 0x0000022539bb24c0 DEOPT UNPACKING pc=0x00000225446169a3 sp=0x0000007dc86fd1b8 mode 2
Event: 0.406 Thread 0x0000022539bb24c0 Uncommon trap: trap_request=0xffffffde fr.pc=0x0000022544b894c4 relative=0x0000000000000ec4
Event: 0.406 Thread 0x0000022539bb24c0 Uncommon trap: reason=class_check action=maybe_recompile pc=0x0000022544b894c4 method=java.util.HashMap.putVal(ILjava/lang/Object;Ljava/lang/Object;ZZ)Ljava/lang/Object; @ 203 c2
Event: 0.406 Thread 0x0000022539bb24c0 DEOPT PACKING pc=0x0000022544b894c4 sp=0x0000007dc86f9a40
Event: 0.406 Thread 0x0000022539bb24c0 DEOPT UNPACKING pc=0x00000225446169a3 sp=0x0000007dc86f99d0 mode 2
Event: 0.415 Thread 0x0000022539bb24c0 Uncommon trap: trap_request=0xffffffde fr.pc=0x0000022544b89424 relative=0x0000000000000e24
Event: 0.415 Thread 0x0000022539bb24c0 Uncommon trap: reason=class_check action=maybe_recompile pc=0x0000022544b89424 method=java.util.HashMap.putVal(ILjava/lang/Object;Ljava/lang/Object;ZZ)Ljava/lang/Object; @ 91 c2
Event: 0.415 Thread 0x0000022539bb24c0 DEOPT PACKING pc=0x0000022544b89424 sp=0x0000007dc86f9a40
Event: 0.415 Thread 0x0000022539bb24c0 DEOPT UNPACKING pc=0x00000225446169a3 sp=0x0000007dc86f99d0 mode 2
Event: 0.415 Thread 0x0000022539bb24c0 Uncommon trap: trap_request=0xffffffde fr.pc=0x0000022544b894c4 relative=0x0000000000000ec4
Event: 0.415 Thread 0x0000022539bb24c0 Uncommon trap: reason=class_check action=maybe_recompile pc=0x0000022544b894c4 method=java.util.HashMap.putVal(ILjava/lang/Object;Ljava/lang/Object;ZZ)Ljava/lang/Object; @ 203 c2
Event: 0.415 Thread 0x0000022539bb24c0 DEOPT PACKING pc=0x0000022544b894c4 sp=0x0000007dc86f9a40
Event: 0.415 Thread 0x0000022539bb24c0 DEOPT UNPACKING pc=0x00000225446169a3 sp=0x0000007dc86f99d0 mode 2
Event: 0.441 Thread 0x0000022539bb24c0 Uncommon trap: trap_request=0xffffffde fr.pc=0x0000022544b89424 relative=0x0000000000000e24
Event: 0.441 Thread 0x0000022539bb24c0 Uncommon trap: reason=class_check action=maybe_recompile pc=0x0000022544b89424 method=java.util.HashMap.putVal(ILjava/lang/Object;Ljava/lang/Object;ZZ)Ljava/lang/Object; @ 91 c2
Event: 0.441 Thread 0x0000022539bb24c0 DEOPT PACKING pc=0x0000022544b89424 sp=0x0000007dc86fbfa0
Event: 0.441 Thread 0x0000022539bb24c0 DEOPT UNPACKING pc=0x00000225446169a3 sp=0x0000007dc86fbf30 mode 2
Event: 0.454 Thread 0x0000022539bb24c0 DEOPT PACKING pc=0x000002253d0c9b18 sp=0x0000007dc86fb9c0
Event: 0.454 Thread 0x0000022539bb24c0 DEOPT UNPACKING pc=0x0000022544617143 sp=0x0000007dc86fae80 mode 0

Classes unloaded (0 events):
No events

Classes redefined (0 events):
No events

Internal exceptions (1 events):
Event: 0.220 Thread 0x0000022539bb24c0 Exception <a 'java/lang/NoSuchMethodError'{0x00000000a7e30208}: 'int java.lang.invoke.DirectMethodHandle$Holder.invokeStaticInit(java.lang.Object, java.lang.Object)'> (0x00000000a7e30208) 
thrown [s\src\hotspot\share\interpreter\linkResolver.cpp, line 771]

VM Operations (2 events):
Event: 0.091 Executing VM operation: HandshakeAllThreads
Event: 0.091 Executing VM operation: HandshakeAllThreads done

Events (20 events):
Event: 0.552 loading class java/util/ServiceLoader$1
Event: 0.552 loading class java/util/ServiceLoader$1 done
Event: 0.552 loading class java/util/ServiceLoader$ProviderImpl
Event: 0.553 loading class java/util/ServiceLoader$Provider
Event: 0.553 loading class java/util/ServiceLoader$Provider done
Event: 0.553 loading class java/util/ServiceLoader$ProviderImpl done
Event: 0.553 loading class jdk/internal/logger/BootstrapLogger$LoggingBackend
Event: 0.553 loading class jdk/internal/logger/BootstrapLogger$LoggingBackend done
Event: 0.553 loading class jdk/internal/logger/BootstrapLogger$RedirectedLoggers
Event: 0.553 loading class jdk/internal/logger/BootstrapLogger$RedirectedLoggers done
Event: 0.553 loading class jdk/internal/logger/BootstrapLogger$BootstrapExecutors
Event: 0.553 loading class jdk/internal/logger/BootstrapLogger$BootstrapExecutors done
Event: 0.554 loading class java/util/logging/LogManager$4
Event: 0.554 loading class java/util/logging/LogManager$4 done
Event: 0.554 loading class java/util/logging/Logger$SystemLoggerHelper
Event: 0.554 loading class java/util/logging/Logger$SystemLoggerHelper done
Event: 0.554 loading class java/util/logging/Logger$SystemLoggerHelper$1
Event: 0.554 loading class java/util/logging/Logger$SystemLoggerHelper$1 done
Event: 0.554 loading class jdk/internal/logger/DefaultLoggerFinder$1
Event: 0.554 loading class jdk/internal/logger/DefaultLoggerFinder$1 done


Dynamic libraries:
0x00007ff775d00000 - 0x00007ff775d0a000 	C:\Users\Mohammed Rabie SEBA\AppData\Local\JetBrains\Toolbox\apps\AndroidStudio\ch-0\231.9392.1.2311.11076708\jbr\bin\java.exe
0x00007fffd9f50000 - 0x00007fffda148000 	C:\Windows\SYSTEM32\ntdll.dll
0x00007fffd8630000 - 0x00007fffd86ed000 	C:\Windows\System32\KERNEL32.DLL
0x00007fffd7840000 - 0x00007fffd7b36000 	C:\Windows\System32\KERNELBASE.dll
0x00007fffd7600000 - 0x00007fffd7700000 	C:\Windows\System32\ucrtbase.dll
0x00007fffab320000 - 0x00007fffab33b000 	C:\Users\Mohammed Rabie SEBA\AppData\Local\JetBrains\Toolbox\apps\AndroidStudio\ch-0\231.9392.1.2311.11076708\jbr\bin\VCRUNTIME140.dll
0x00007fffa77d0000 - 0x00007fffa77e7000 	C:\Users\Mohammed Rabie SEBA\AppData\Local\JetBrains\Toolbox\apps\AndroidStudio\ch-0\231.9392.1.2311.11076708\jbr\bin\jli.dll
0x00007fffd7f80000 - 0x00007fffd811e000 	C:\Windows\System32\USER32.dll
0x00007fffd7700000 - 0x00007fffd7722000 	C:\Windows\System32\win32u.dll
0x00007fffc71d0000 - 0x00007fffc746a000 	C:\Windows\WinSxS\amd64_microsoft.windows.common-controls_6595b64144ccf1df_6.0.19041.3636_none_60b6a03d71f818d5\COMCTL32.dll
0x00007fffd9aa0000 - 0x00007fffd9acc000 	C:\Windows\System32\GDI32.dll
0x00007fffd9c00000 - 0x00007fffd9c9e000 	C:\Windows\System32\msvcrt.dll
0x00007fffd7cb0000 - 0x00007fffd7dca000 	C:\Windows\System32\gdi32full.dll
0x00007fffd7730000 - 0x00007fffd77cd000 	C:\Windows\System32\msvcp_win.dll
0x00007fffd90a0000 - 0x00007fffd90d0000 	C:\Windows\System32\IMM32.DLL
0x00007fffd1b80000 - 0x00007fffd1b8c000 	C:\Users\Mohammed Rabie SEBA\AppData\Local\JetBrains\Toolbox\apps\AndroidStudio\ch-0\231.9392.1.2311.11076708\jbr\bin\vcruntime140_1.dll
0x00007fff94180000 - 0x00007fff9420d000 	C:\Users\Mohammed Rabie SEBA\AppData\Local\JetBrains\Toolbox\apps\AndroidStudio\ch-0\231.9392.1.2311.11076708\jbr\bin\msvcp140.dll
0x00007fff7e560000 - 0x00007fff7f1e0000 	C:\Users\Mohammed Rabie SEBA\AppData\Local\JetBrains\Toolbox\apps\AndroidStudio\ch-0\231.9392.1.2311.11076708\jbr\bin\server\jvm.dll
0x00007fffd9dd0000 - 0x00007fffd9e7f000 	C:\Windows\System32\ADVAPI32.dll
0x00007fffd8e30000 - 0x00007fffd8ecc000 	C:\Windows\System32\sechost.dll
0x00007fffd9ad0000 - 0x00007fffd9bf6000 	C:\Windows\System32\RPCRT4.dll
0x00007fffaaed0000 - 0x00007fffaaed9000 	C:\Windows\SYSTEM32\WSOCK32.dll
0x00007fffcf100000 - 0x00007fffcf10a000 	C:\Windows\SYSTEM32\VERSION.dll
0x00007fffcd780000 - 0x00007fffcd7a7000 	C:\Windows\SYSTEM32\WINMM.dll
0x00007fffd91a0000 - 0x00007fffd920b000 	C:\Windows\System32\WS2_32.dll
0x00007fffd5e10000 - 0x00007fffd5e22000 	C:\Windows\SYSTEM32\kernel.appcore.dll
0x00007fffb5e30000 - 0x00007fffb5e3a000 	C:\Users\Mohammed Rabie SEBA\AppData\Local\JetBrains\Toolbox\apps\AndroidStudio\ch-0\231.9392.1.2311.11076708\jbr\bin\jimage.dll
0x00007fffd5450000 - 0x00007fffd5634000 	C:\Windows\SYSTEM32\DBGHELP.DLL
0x00007fffb5ca0000 - 0x00007fffb5cd4000 	C:\Windows\SYSTEM32\dbgcore.DLL
0x00007fffd7b70000 - 0x00007fffd7bf2000 	C:\Windows\System32\bcryptPrimitives.dll
0x00007fffa4e70000 - 0x00007fffa4e95000 	C:\Users\Mohammed Rabie SEBA\AppData\Local\JetBrains\Toolbox\apps\AndroidStudio\ch-0\231.9392.1.2311.11076708\jbr\bin\java.dll
0x00007fffa6d30000 - 0x00007fffa6d48000 	C:\Users\Mohammed Rabie SEBA\AppData\Local\JetBrains\Toolbox\apps\AndroidStudio\ch-0\231.9392.1.2311.11076708\jbr\bin\zip.dll
0x00007fffd92a0000 - 0x00007fffd99e5000 	C:\Windows\System32\SHELL32.dll
0x00007fffd5660000 - 0x00007fffd5dfb000 	C:\Windows\SYSTEM32\windows.storage.dll
0x00007fffd8200000 - 0x00007fffd8554000 	C:\Windows\System32\combase.dll
0x00007fffd6e90000 - 0x00007fffd6ebd000 	C:\Windows\SYSTEM32\Wldp.dll
0x00007fffd8d70000 - 0x00007fffd8e1d000 	C:\Windows\System32\SHCORE.dll
0x00007fffd9e80000 - 0x00007fffd9ed5000 	C:\Windows\System32\shlwapi.dll
0x00007fffd7530000 - 0x00007fffd7555000 	C:\Windows\SYSTEM32\profapi.dll
0x00007fffa4dd0000 - 0x00007fffa4de9000 	C:\Users\Mohammed Rabie SEBA\AppData\Local\JetBrains\Toolbox\apps\AndroidStudio\ch-0\231.9392.1.2311.11076708\jbr\bin\net.dll
0x00007fffd0270000 - 0x00007fffd037a000 	C:\Windows\SYSTEM32\WINHTTP.dll
0x00007fffd6c70000 - 0x00007fffd6cda000 	C:\Windows\system32\mswsock.dll
0x00007fffa45c0000 - 0x00007fffa45d6000 	C:\Users\Mohammed Rabie SEBA\AppData\Local\JetBrains\Toolbox\apps\AndroidStudio\ch-0\231.9392.1.2311.11076708\jbr\bin\nio.dll
0x00007fffb5aa0000 - 0x00007fffb5ab0000 	C:\Users\Mohammed Rabie SEBA\AppData\Local\JetBrains\Toolbox\apps\AndroidStudio\ch-0\231.9392.1.2311.11076708\jbr\bin\verify.dll

dbghelp: loaded successfully - version: 4.0.5 - missing functions: none
symbol engine: initialized successfully - sym options: 0x614 - pdb path: .;C:\Users\Mohammed Rabie SEBA\AppData\Local\JetBrains\Toolbox\apps\AndroidStudio\ch-0\231.9392.1.2311.11076708\jbr\bin;C:\Windows\SYSTEM32;C:\Windows\WinSxS\amd64_microsoft.windows.common-controls_6595b64144ccf1df_6.0.19041.3636_none_60b6a03d71f818d5;C:\Users\Mohammed Rabie SEBA\AppData\Local\JetBrains\Toolbox\apps\AndroidStudio\ch-0\231.9392.1.2311.11076708\jbr\bin\server

VM Arguments:
jvm_args: -Dorg.gradle.appname=gradlew 
java_command: org.gradle.wrapper.GradleWrapperMain -q -Ptarget-platform=android-arm64 -Ptarget=D:\FlutterProject\todolist\lib\main.dart -Pbase-application-name=android.app.Application -Pdart-defines=RkxVVFRFUl9XRUJfQVVUT19ERVRFQ1Q9dHJ1ZQ==,RkxVVFRFUl9XRUJfQ0FOVkFTS0lUX1VSTD1odHRwczovL3d3dy5nc3RhdGljLmNvbS9mbHV0dGVyLWNhbnZhc2tpdC81NGE3MTQ1MzAzZjBkZDlkMGY5MzQyNGEyZTEyNGViNGFiZWY1MDkxLw== -Pdart-obfuscation=false -Ptrack-widget-creation=true -Ptree-shake-icons=false -Pfilesystem-scheme=org-dartlang-root assembleDebug
java_class_path (initial): D:\FlutterProject\todolist\android\\gradle\wrapper\gradle-wrapper.jar
Launcher Type: SUN_STANDARD

[Global flags]
     intx CICompilerCount                          = 4                                         {product} {ergonomic}
     uint ConcGCThreads                            = 3                                         {product} {ergonomic}
     uint G1ConcRefinementThreads                  = 10                                        {product} {ergonomic}
   size_t G1HeapRegionSize                         = 1048576                                   {product} {ergonomic}
    uintx GCDrainStackTargetSize                   = 64                                        {product} {ergonomic}
   size_t InitialHeapSize                          = 98566144                                  {product} {ergonomic}
   size_t MarkStackSize                            = 4194304                                   {product} {ergonomic}
   size_t MaxHeapSize                              = 1572864000                                {product} {ergonomic}
   size_t MaxNewSize                               = 943718400                                 {product} {ergonomic}
   size_t MinHeapDeltaBytes                        = 1048576                                   {product} {ergonomic}
   size_t MinHeapSize                              = 8388608                                   {product} {ergonomic}
    uintx NonNMethodCodeHeapSize                   = 5839372                                {pd product} {ergonomic}
    uintx NonProfiledCodeHeapSize                  = 122909434                              {pd product} {ergonomic}
    uintx ProfiledCodeHeapSize                     = 122909434                              {pd product} {ergonomic}
    uintx ReservedCodeCacheSize                    = 251658240                              {pd product} {ergonomic}
     bool SegmentedCodeCache                       = true                                      {product} {ergonomic}
   size_t SoftMaxHeapSize                          = 1572864000                             {manageable} {ergonomic}
     bool UseCompressedClassPointers               = true                           {product lp64_product} {ergonomic}
     bool UseCompressedOops                        = true                           {product lp64_product} {ergonomic}
     bool UseG1GC                                  = true                                      {product} {ergonomic}
     bool UseLargePagesIndividualAllocation        = false                                  {pd product} {ergonomic}

Logging:
Log output configuration:
 #0: stdout all=warning uptime,level,tags
 #1: stderr all=off uptime,level,tags

Environment Variables:
JAVA_HOME=C:\Users\Mohammed Rabie SEBA\AppData\Local\JetBrains\Toolbox\apps\AndroidStudio\ch-0\231.9392.1.2311.11076708\jbr
CLASSPATH=D:\FlutterProject\todolist\android\\gradle\wrapper\gradle-wrapper.jar
PATH=C:\Users\Mohammed Rabie SEBA\AppData\Local\JetBrains\Toolbox\apps\AndroidStudio\ch-0\231.9392.1.2311.11076708\jbr\bin;C:\Program Files (x86)\Common Files\Oracle\Java\javapath;C:\Program Files\Microsoft\jdk-11.0.12.7-hotspot\bin;C:\Windows\system32;C:\Windows;C:\Windows\System32\Wbem;C:\Windows\System32\WindowsPowerShell\v1.0\;C:\Windows\System32\OpenSSH\;C:\Program Files (x86)\dotnet\;C:\Program Files\NVIDIA Corporation\NVIDIA NvDLISR;C:\Program Files (x86)\NVIDIA Corporation\PhysX\Common;C:\ProgramData\chocolatey\bin;C:\Users\Mohammed Rabie SEBA\AppData\Local\Pub\Cache\bin;C:\Program Files\dotnet\;C:\Program Files\Git\cmd;%NVM_HOME%;%NVM_SYMLINK%;C:\Users\Mohammed Rabie SEBA\AppData\Local\Microsoft\WindowsApps;D:\Microsoft VS Code\bin;D:\Developement\flutter\bin;C:\gstreamer\1.0\msvc_x86_64\bin;D:\MiKTeX\miktex\bin\x64\;D:\Developement\dart-sdk\bin;C:\Users\Mohammed Rabie SEBA\AppData\Local\JetBrains\Toolbox\scripts;D:\Microsoft VS Code\Code.exe;C:\tools\dart-sdk\bin;C:\Users\Mohammed Rabie SEBA\AppData\Local\Pub\Cache\bin;C:\Users\Mohammed Rabie SEBA\AppData\Roaming\Pub\Cache\bin;C:\Users\Mohammed Rabie SEBA\AppData\Roaming\npm;C:\Users\Mohammed Rabie SEBA\AppData\Local\GitHubDesktop\bin;D:\MinGW\bin;C:\Users\Mohammed Rabie SEBA\AppData\Roaming\nvm;C:\Program Files\nodejs;D:\Developement\flutter\bin\mingit\cmd;D:\Developement\flutter\bin\mingit\cmd
USERNAME=Mohammed Rabie SEBA
OS=Windows_NT
PROCESSOR_IDENTIFIER=AMD64 Family 25 Model 80 Stepping 0, AuthenticAMD
TMP=C:\Users\MOHAMM~1\AppData\Local\Temp
TEMP=C:\Users\MOHAMM~1\AppData\Local\Temp


JNI global refs:
JNI global refs: 8, weak refs: 0

JNI global refs memory usage: 843, weak refs: 841

OOME stack traces (most recent first):
Classloader memory used:
Loader bootstrap                                                                       : 1146K
Loader org.gradle.internal.classloader.VisitableURLClassLoader                         : 90767B
Loader java.net.URLClassLoader                                                         : 25818B
Loader jdk.internal.loader.ClassLoaders$AppClassLoader                                 : 18431B

Classes loaded by more than one classloader:
Class org.gradle.api.Action                                                           : loaded 2 times (x 68B)
Class org.gradle.cli.CommandLineParser$AfterOptions                                   : loaded 2 times (x 75B)
Class org.gradle.internal.service.UnknownServiceException                             : loaded 2 times (x 81B)
Class org.gradle.api.GradleException                                                  : loaded 2 times (x 80B)
Class org.gradle.cli.AbstractPropertiesCommandLineConverter                           : loaded 2 times (x 81B)
Class org.gradle.cli.SystemPropertiesCommandLineConverter                             : loaded 2 times (x 81B)
Class org.gradle.cli.CommandLineParser                                                : loaded 2 times (x 77B)
Class org.gradle.cli.CommandLineParser$BeforeFirstSubCommand                          : loaded 2 times (x 75B)
Class org.gradle.cli.CommandLineParser$ParserState                                    : loaded 2 times (x 74B)
Class org.gradle.internal.service.ServiceLookupException                              : loaded 2 times (x 80B)
Class org.gradle.cli.CommandLineParser$OptionAwareParserState                         : loaded 2 times (x 75B)
Class org.gradle.internal.Cast                                                        : loaded 2 times (x 69B)
Class org.gradle.cli.CommandLineConverter                                             : loaded 2 times (x 68B)
Class org.gradle.cli.AbstractCommandLineConverter                                     : loaded 2 times (x 77B)
Class org.gradle.cli.CommandLineArgumentException                                     : loaded 2 times (x 80B)


---------------  S Y S T E M  ---------------

OS:
 Windows 10 , 64 bit Build 19041 (10.0.19041.3636)
OS uptime: 4 days 19:54 hours
Hyper-V role detected

CPU: total 12 (initial active 12) (12 cores per cpu, 2 threads per core) family 25 model 80 stepping 0 microcode 0x0, cx8, cmov, fxsr, ht, mmx, 3dnowpref, sse, sse2, sse3, ssse3, sse4a, sse4.1, sse4.2, popcnt, lzcnt, tsc, tscinvbit, avx, avx2, aes, erms, clmul, bmi1, bmi2, adx, sha, fma, vzeroupper, clflush, clflushopt, hv

Memory: 4k page, system-wide physical 5996M (368M free)
TotalPageFile size 24070M (AvailPageFile size 5M)
current process WorkingSet (physical memory assigned to process): 75M, peak: 75M
current process commit charge ("private bytes"): 190M, peak: 191M

vm_info: OpenJDK 64-Bit Server VM (17.0.7+0-b2043.56-10550314) for windows-amd64 JRE (17.0.7+0-b2043.56-10550314), built on Jul 24 2023 18:27:45 by "androidbuild" with MS VC++ 16.10 / 16.11 (VS2019)

END.
