#
# There is insufficient memory for the Java Runtime Environment to continue.
# Native memory allocation (mmap) failed to map 65536 bytes for Failed to commit metaspace.
# Possible reasons:
#   The system is out of physical RAM or swap space
#   The process is running with CompressedOops enabled, and the Java Heap may be blocking the growth of the native heap
# Possible solutions:
#   Reduce memory load on the system
#   Increase physical memory or swap space
#   Check if swap backing store is full
#   Decrease Java heap size (-Xmx/-Xms)
#   Decrease number of Java threads
#   Decrease Java thread stack sizes (-Xss)
#   Set larger code cache with -XX:ReservedCodeCacheSize=
#   JVM is running with Unscaled Compressed Oops mode in which the Java heap is
#     placed in the first 4GB address space. The Java Heap base address is the
#     maximum limit for the native heap growth. Please use -XX:HeapBaseMinAddress
#     to set the Java Heap base and to place the Java Heap above 4GB virtual address.
# This output file may be truncated or incomplete.
#
#  Out of Memory Error (virtualSpaceNode.cpp:110), pid=17192, tid=14804
#
# JRE version: OpenJDK Runtime Environment (17.0.7) (build 17.0.7+0-b2043.56-10550314)
# Java VM: OpenJDK 64-Bit Server VM (17.0.7+0-b2043.56-10550314, mixed mode, tiered, compressed oops, compressed class ptrs, g1 gc, windows-amd64)
# No core dump will be written. Minidumps are not enabled by default on client versions of Windows
#

---------------  S U M M A R Y ------------

Command Line: -Dorg.gradle.appname=gradlew org.gradle.wrapper.GradleWrapperMain -q -Ptarget-platform=android-arm64 -Ptarget=D:\FlutterProject\todolist\lib\main.dart -Pbase-application-name=android.app.Application -Pdart-defines=RkxVVFRFUl9XRUJfQVVUT19ERVRFQ1Q9dHJ1ZQ==,RkxVVFRFUl9XRUJfQ0FOVkFTS0lUX1VSTD1odHRwczovL3d3dy5nc3RhdGljLmNvbS9mbHV0dGVyLWNhbnZhc2tpdC81NGE3MTQ1MzAzZjBkZDlkMGY5MzQyNGEyZTEyNGViNGFiZWY1MDkxLw== -Pdart-obfuscation=false -Ptrack-widget-creation=true -Ptree-shake-icons=false -Pfilesystem-scheme=org-dartlang-root assembleDebug

Host: AMD Ryzen 5 5600H with Radeon Graphics         , 12 cores, 5G,  Windows 10 , 64 bit Build 19041 (10.0.19041.3636)
Time: Fri Dec 29 17:54:33 2023 W. Central Africa Standard Time elapsed time: 1.451031 seconds (0d 0h 0m 1s)

---------------  T H R E A D  ---------------

Current thread (0x000002b1e3de3220):  JavaThread "main" [_thread_in_vm, id=14804, stack(0x000000d407b00000,0x000000d407c00000)]

Stack: [0x000000d407b00000,0x000000d407c00000]
Native frames: (J=compiled Java code, j=interpreted, Vv=VM code, C=native code)
V  [jvm.dll+0x683bfa]
V  [jvm.dll+0x8430a4]
V  [jvm.dll+0x8449be]
V  [jvm.dll+0x845023]
V  [jvm.dll+0x24ad2f]
V  [jvm.dll+0x83e45b]
V  [jvm.dll+0x6281e6]
V  [jvm.dll+0x62824a]
V  [jvm.dll+0x62aa6a]
V  [jvm.dll+0x628b86]
V  [jvm.dll+0x23ec1f]
V  [jvm.dll+0x632a15]
V  [jvm.dll+0x1eea7b]
V  [jvm.dll+0x1eefb5]
V  [jvm.dll+0x1ef8d4]
V  [jvm.dll+0x1e4e1c]
V  [jvm.dll+0x54a1dd]
V  [jvm.dll+0x1f573b]
V  [jvm.dll+0x7bcb6b]
V  [jvm.dll+0x7bdfb2]
V  [jvm.dll+0x7be749]
V  [jvm.dll+0x1efd44]
V  [jvm.dll+0x1e4e35]
V  [jvm.dll+0x54a1dd]
V  [jvm.dll+0x1f573b]
V  [jvm.dll+0x7bcb6b]
V  [jvm.dll+0x7bdfb2]
V  [jvm.dll+0x41ac75]
C  [java.dll+0x1a55]

Java frames: (J=compiled Java code, j=interpreted, Vv=VM code)
J 742  java.lang.ClassLoader.findBootstrapClass(Ljava/lang/String;)Ljava/lang/Class; java.base@17.0.7 (0 bytes) @ 0x000002b1f059c8f2 [0x000002b1f059c8a0+0x0000000000000052]
J 743 c1 jdk.internal.loader.ClassLoaders$BootClassLoader.loadClassOrNull(Ljava/lang/String;Z)Ljava/lang/Class; java.base@17.0.7 (10 bytes) @ 0x000002b1e8be0acc [0x000002b1e8be0960+0x000000000000016c]
J 575 c1 jdk.internal.loader.BuiltinClassLoader.loadClassOrNull(Ljava/lang/String;Z)Ljava/lang/Class; java.base@17.0.7 (143 bytes) @ 0x000002b1e8b700b4 [0x000002b1e8b6f640+0x0000000000000a74]
J 600 c1 jdk.internal.loader.BuiltinClassLoader.loadClass(Ljava/lang/String;Z)Ljava/lang/Class; java.base@17.0.7 (22 bytes) @ 0x000002b1e8b7eb44 [0x000002b1e8b7ea40+0x0000000000000104]
J 611 c1 java.lang.ClassLoader.loadClass(Ljava/lang/String;Z)Ljava/lang/Class; java.base@17.0.7 (121 bytes) @ 0x000002b1e8b858b4 [0x000002b1e8b85540+0x0000000000000374]
J 611 c1 java.lang.ClassLoader.loadClass(Ljava/lang/String;Z)Ljava/lang/Class; java.base@17.0.7 (121 bytes) @ 0x000002b1e8b858b4 [0x000002b1e8b85540+0x0000000000000374]
J 599 c1 java.lang.ClassLoader.loadClass(Ljava/lang/String;)Ljava/lang/Class; java.base@17.0.7 (7 bytes) @ 0x000002b1e8b7e73c [0x000002b1e8b7e640+0x00000000000000fc]
v  ~StubRoutines::call_stub
j  org.gradle.internal.service.scopes.BasicGlobalScopeServices.createJvmVersionDetector(Lorg/gradle/internal/jvm/inspection/JvmMetadataDetector;)Lorg/gradle/internal/jvm/inspection/JvmVersionDetector;+0
v  ~StubRoutines::call_stub
j  jdk.internal.reflect.NativeMethodAccessorImpl.invoke0(Ljava/lang/reflect/Method;Ljava/lang/Object;[Ljava/lang/Object;)Ljava/lang/Object;+0 java.base@17.0.7
j  jdk.internal.reflect.NativeMethodAccessorImpl.invoke(Ljava/lang/Object;[Ljava/lang/Object;)Ljava/lang/Object;+133 java.base@17.0.7
j  jdk.internal.reflect.DelegatingMethodAccessorImpl.invoke(Ljava/lang/Object;[Ljava/lang/Object;)Ljava/lang/Object;+6 java.base@17.0.7
j  java.lang.reflect.Method.invoke(Ljava/lang/Object;[Ljava/lang/Object;)Ljava/lang/Object;+59 java.base@17.0.7
j  org.gradle.internal.reflect.JavaMethod.invoke(Ljava/lang/Object;[Ljava/lang/Object;)Ljava/lang/Object;+6
j  org.gradle.internal.service.ReflectionBasedServiceMethod.invoke(Ljava/lang/Object;[Ljava/lang/Object;)Ljava/lang/Object;+6
j  org.gradle.internal.service.DefaultServiceRegistry$FactoryMethodService.invokeMethod([Ljava/lang/Object;)Ljava/lang/Object;+9
j  org.gradle.internal.service.DefaultServiceRegistry$FactoryService.createServiceInstance()Ljava/lang/Object;+7
j  org.gradle.internal.service.DefaultServiceRegistry$ManagedObjectServiceProvider.getInstance()Ljava/lang/Object;+24
j  org.gradle.internal.service.DefaultServiceRegistry$SingletonService.get()Ljava/lang/Object;+1
j  org.gradle.internal.service.DefaultServiceRegistry.find(Ljava/lang/reflect/Type;)Ljava/lang/Object;+22
j  org.gradle.internal.service.DefaultServiceRegistry.get(Ljava/lang/reflect/Type;)Ljava/lang/Object;+2
j  org.gradle.internal.service.DefaultServiceRegistry.get(Ljava/lang/Class;)Ljava/lang/Object;+3
j  org.gradle.launcher.cli.BuildActionsFactory.<init>(Lorg/gradle/internal/service/ServiceRegistry;)V+96
j  org.gradle.launcher.cli.DefaultCommandLineActionFactory.createBuildActionFactoryActionCreator(Lorg/gradle/internal/service/ServiceRegistry;Ljava/util/List;)V+6
j  org.gradle.launcher.cli.DefaultCommandLineActionFactory$ParseAndBuildAction.execute(Lorg/gradle/launcher/bootstrap/ExecutionListener;)V+12
j  org.gradle.launcher.cli.DefaultCommandLineActionFactory$ParseAndBuildAction.execute(Ljava/lang/Object;)V+5
j  org.gradle.launcher.cli.DebugLoggerWarningAction.execute(Lorg/gradle/launcher/bootstrap/ExecutionListener;)V+9
j  org.gradle.launcher.cli.DebugLoggerWarningAction.execute(Ljava/lang/Object;)V+5
j  org.gradle.launcher.cli.WelcomeMessageAction.execute(Lorg/gradle/launcher/bootstrap/ExecutionListener;)V+218
j  org.gradle.launcher.cli.WelcomeMessageAction.execute(Ljava/lang/Object;)V+5
j  org.gradle.launcher.cli.NativeServicesInitializingAction.execute(Lorg/gradle/launcher/bootstrap/ExecutionListener;)V+35
j  org.gradle.launcher.cli.NativeServicesInitializingAction.execute(Ljava/lang/Object;)V+5
j  org.gradle.launcher.cli.ExceptionReportingAction.execute(Lorg/gradle/launcher/bootstrap/ExecutionListener;)V+5
j  org.gradle.launcher.cli.ExceptionReportingAction.execute(Ljava/lang/Object;)V+5
j  org.gradle.launcher.cli.DefaultCommandLineActionFactory$WithLogging.execute(Lorg/gradle/launcher/bootstrap/ExecutionListener;)V+299
j  org.gradle.launcher.Main.doAction([Ljava/lang/String;Lorg/gradle/launcher/bootstrap/ExecutionListener;)V+14
j  org.gradle.launcher.bootstrap.EntryPoint.run([Ljava/lang/String;)V+12
v  ~StubRoutines::call_stub
j  jdk.internal.reflect.NativeMethodAccessorImpl.invoke0(Ljava/lang/reflect/Method;Ljava/lang/Object;[Ljava/lang/Object;)Ljava/lang/Object;+0 java.base@17.0.7
j  jdk.internal.reflect.NativeMethodAccessorImpl.invoke(Ljava/lang/Object;[Ljava/lang/Object;)Ljava/lang/Object;+133 java.base@17.0.7
j  jdk.internal.reflect.DelegatingMethodAccessorImpl.invoke(Ljava/lang/Object;[Ljava/lang/Object;)Ljava/lang/Object;+6 java.base@17.0.7
j  java.lang.reflect.Method.invoke(Ljava/lang/Object;[Ljava/lang/Object;)Ljava/lang/Object;+59 java.base@17.0.7
j  org.gradle.launcher.bootstrap.ProcessBootstrap.runNoExit(Ljava/lang/String;[Ljava/lang/String;)V+159
j  org.gradle.launcher.bootstrap.ProcessBootstrap.run(Ljava/lang/String;[Ljava/lang/String;)V+2
v  ~StubRoutines::call_stub
j  jdk.internal.reflect.NativeMethodAccessorImpl.invoke0(Ljava/lang/reflect/Method;Ljava/lang/Object;[Ljava/lang/Object;)Ljava/lang/Object;+0 java.base@17.0.7
j  jdk.internal.reflect.NativeMethodAccessorImpl.invoke(Ljava/lang/Object;[Ljava/lang/Object;)Ljava/lang/Object;+133 java.base@17.0.7
j  jdk.internal.reflect.DelegatingMethodAccessorImpl.invoke(Ljava/lang/Object;[Ljava/lang/Object;)Ljava/lang/Object;+6 java.base@17.0.7
j  java.lang.reflect.Method.invoke(Ljava/lang/Object;[Ljava/lang/Object;)Ljava/lang/Object;+59 java.base@17.0.7
j  org.gradle.launcher.GradleMain.main([Ljava/lang/String;)V+100
v  ~StubRoutines::call_stub
j  jdk.internal.reflect.NativeMethodAccessorImpl.invoke0(Ljava/lang/reflect/Method;Ljava/lang/Object;[Ljava/lang/Object;)Ljava/lang/Object;+0 java.base@17.0.7
j  jdk.internal.reflect.NativeMethodAccessorImpl.invoke(Ljava/lang/Object;[Ljava/lang/Object;)Ljava/lang/Object;+133 java.base@17.0.7
j  jdk.internal.reflect.DelegatingMethodAccessorImpl.invoke(Ljava/lang/Object;[Ljava/lang/Object;)Ljava/lang/Object;+6 java.base@17.0.7
j  java.lang.reflect.Method.invoke(Ljava/lang/Object;[Ljava/lang/Object;)Ljava/lang/Object;+59 java.base@17.0.7
j  org.gradle.wrapper.BootstrapMainStarter.start([Ljava/lang/String;Ljava/io/File;)V+82
j  org.gradle.wrapper.WrapperExecutor.execute([Ljava/lang/String;Lorg/gradle/wrapper/Install;Lorg/gradle/wrapper/BootstrapMainStarter;)V+14
j  org.gradle.wrapper.GradleWrapperMain.main([Ljava/lang/String;)V+190
v  ~StubRoutines::call_stub

---------------  P R O C E S S  ---------------

Threads class SMR info:
_java_thread_list=0x000002b18401a680, length=13, elements={
0x000002b1e3de3220, 0x000002b1febacc00, 0x000002b1febae990, 0x000002b1febe7440,
0x000002b1febe9d10, 0x000002b1febea5d0, 0x000002b1febeae90, 0x000002b1febeba80,
0x000002b1febec380, 0x000002b1fee43600, 0x000002b1fefaeda0, 0x000002b1fefb3280,
0x000002b1841b0730
}

Java Threads: ( => current thread )
=>0x000002b1e3de3220 JavaThread "main" [_thread_in_vm, id=14804, stack(0x000000d407b00000,0x000000d407c00000)]
  0x000002b1febacc00 JavaThread "Reference Handler" daemon [_thread_blocked, id=4452, stack(0x000000d408200000,0x000000d408300000)]
  0x000002b1febae990 JavaThread "Finalizer" daemon [_thread_blocked, id=8492, stack(0x000000d408300000,0x000000d408400000)]
  0x000002b1febe7440 JavaThread "Signal Dispatcher" daemon [_thread_blocked, id=6724, stack(0x000000d408400000,0x000000d408500000)]
  0x000002b1febe9d10 JavaThread "Attach Listener" daemon [_thread_blocked, id=18200, stack(0x000000d408500000,0x000000d408600000)]
  0x000002b1febea5d0 JavaThread "Service Thread" daemon [_thread_blocked, id=27212, stack(0x000000d408600000,0x000000d408700000)]
  0x000002b1febeae90 JavaThread "Monitor Deflation Thread" daemon [_thread_blocked, id=20456, stack(0x000000d408700000,0x000000d408800000)]
  0x000002b1febeba80 JavaThread "C2 CompilerThread0" daemon [_thread_blocked, id=10780, stack(0x000000d408800000,0x000000d408900000)]
  0x000002b1febec380 JavaThread "C1 CompilerThread0" daemon [_thread_blocked, id=21764, stack(0x000000d408900000,0x000000d408a00000)]
  0x000002b1fee43600 JavaThread "Sweeper thread" daemon [_thread_blocked, id=11576, stack(0x000000d408a00000,0x000000d408b00000)]
  0x000002b1fefaeda0 JavaThread "Notification Thread" daemon [_thread_blocked, id=15148, stack(0x000000d408b00000,0x000000d408c00000)]
  0x000002b1fefb3280 JavaThread "Common-Cleaner" daemon [_thread_blocked, id=13692, stack(0x000000d408d00000,0x000000d408e00000)]
  0x000002b1841b0730 JavaThread "pool-1-thread-1" [_thread_in_vm, id=29536, stack(0x000000d409200000,0x000000d409300000)]

Other Threads:
  0x000002b1feba6370 VMThread "VM Thread" [stack: 0x000000d408100000,0x000000d408200000] [id=5912]
  0x000002b1e3e5f920 WatcherThread [stack: 0x000000d408c00000,0x000000d408d00000] [id=29124]
  0x000002b1e3e2c8e0 GCTaskThread "GC Thread#0" [stack: 0x000000d407c00000,0x000000d407d00000] [id=28236]
  0x000002b1841b1c80 GCTaskThread "GC Thread#1" [stack: 0x000000d408e00000,0x000000d408f00000] [id=25856]
  0x000002b1ff6c98c0 GCTaskThread "GC Thread#2" [stack: 0x000000d408f00000,0x000000d409000000] [id=19516]
  0x000002b1ff6fbcd0 GCTaskThread "GC Thread#3" [stack: 0x000000d409000000,0x000000d409100000] [id=20040]
  0x000002b1ff6ec8b0 GCTaskThread "GC Thread#4" [stack: 0x000000d409100000,0x000000d409200000] [id=13036]
  0x000002b1e3e392b0 ConcurrentGCThread "G1 Main Marker" [stack: 0x000000d407d00000,0x000000d407e00000] [id=23764]
  0x000002b1e3e39bd0 ConcurrentGCThread "G1 Conc#0" [stack: 0x000000d407e00000,0x000000d407f00000] [id=10792]
  0x000002b1fea00090 ConcurrentGCThread "G1 Refine#0" [stack: 0x000000d407f00000,0x000000d408000000] [id=22584]
  0x000002b1fea009c0 ConcurrentGCThread "G1 Service" [stack: 0x000000d408000000,0x000000d408100000] [id=26940]

Threads with active compile tasks:

VM state: not at safepoint (normal execution)

VM Mutex/Monitor currently owned by a thread:  ([mutex/lock_event])
[0x000002b1e3dde250] Metaspace_lock - owner thread: 0x000002b1e3de3220

Heap address: 0x00000000a2400000, size: 1500 MB, Compressed Oops mode: 32-bit

CDS archive(s) not mapped
Compressed class space mapped at: 0x0000000100000000-0x0000000140000000, reserved size: 1073741824
Narrow klass base: 0x0000000000000000, Narrow klass shift: 3, Narrow klass range: 0x140000000

GC Precious Log:
 CPUs: 12 total, 12 available
 Memory: 5996M
 Large Page Support: Disabled
 NUMA Support: Disabled
 Compressed Oops: Enabled (32-bit)
 Heap Region Size: 1M
 Heap Min Capacity: 8M
 Heap Initial Capacity: 94M
 Heap Max Capacity: 1500M
 Pre-touch: Disabled
 Parallel Workers: 10
 Concurrent Workers: 3
 Concurrent Refinement Workers: 10
 Periodic GC: Disabled

Heap:
 garbage-first heap   total 96256K, used 13864K [0x00000000a2400000, 0x0000000100000000)
  region size 1024K, 8 young (8192K), 3 survivors (3072K)
 Metaspace       used 12255K, committed 12416K, reserved 1114112K
  class space    used 1354K, committed 1472K, reserved 1048576K

Heap Regions: E=young(eden), S=young(survivor), O=old, HS=humongous(starts), HC=humongous(continues), CS=collection set, F=free, OA=open archive, CA=closed archive, TAMS=top-at-mark-start (previous, next)
|   0|0x00000000a2400000, 0x00000000a2400000, 0x00000000a2500000|  0%| F|  |TAMS 0x00000000a2400000, 0x00000000a2400000| Untracked 
|   1|0x00000000a2500000, 0x00000000a2500000, 0x00000000a2600000|  0%| F|  |TAMS 0x00000000a2500000, 0x00000000a2500000| Untracked 
|   2|0x00000000a2600000, 0x00000000a2600000, 0x00000000a2700000|  0%| F|  |TAMS 0x00000000a2600000, 0x00000000a2600000| Untracked 
|   3|0x00000000a2700000, 0x00000000a2800000, 0x00000000a2800000|100%|HS|  |TAMS 0x00000000a2700000, 0x00000000a2700000| Complete 
|   4|0x00000000a2800000, 0x00000000a2900000, 0x00000000a2900000|100%|HC|  |TAMS 0x00000000a2800000, 0x00000000a2800000| Complete 
|   5|0x00000000a2900000, 0x00000000a2a00000, 0x00000000a2a00000|100%|HC|  |TAMS 0x00000000a2900000, 0x00000000a2900000| Complete 
|   6|0x00000000a2a00000, 0x00000000a2b00000, 0x00000000a2b00000|100%| O|  |TAMS 0x00000000a2a00000, 0x00000000a2a00000| Untracked 
|   7|0x00000000a2b00000, 0x00000000a2c00000, 0x00000000a2c00000|100%| O|  |TAMS 0x00000000a2b00000, 0x00000000a2b00000| Untracked 
|   8|0x00000000a2c00000, 0x00000000a2d00000, 0x00000000a2d00000|100%| O|  |TAMS 0x00000000a2c00000, 0x00000000a2c00000| Untracked 
|   9|0x00000000a2d00000, 0x00000000a2d8a200, 0x00000000a2e00000| 53%| O|  |TAMS 0x00000000a2d00000, 0x00000000a2d00000| Untracked 
|  10|0x00000000a2e00000, 0x00000000a2e00000, 0x00000000a2f00000|  0%| F|  |TAMS 0x00000000a2e00000, 0x00000000a2e00000| Untracked 
|  11|0x00000000a2f00000, 0x00000000a2f00000, 0x00000000a3000000|  0%| F|  |TAMS 0x00000000a2f00000, 0x00000000a2f00000| Untracked 
|  12|0x00000000a3000000, 0x00000000a3000000, 0x00000000a3100000|  0%| F|  |TAMS 0x00000000a3000000, 0x00000000a3000000| Untracked 
|  13|0x00000000a3100000, 0x00000000a3100000, 0x00000000a3200000|  0%| F|  |TAMS 0x00000000a3100000, 0x00000000a3100000| Untracked 
|  14|0x00000000a3200000, 0x00000000a3200000, 0x00000000a3300000|  0%| F|  |TAMS 0x00000000a3200000, 0x00000000a3200000| Untracked 
|  15|0x00000000a3300000, 0x00000000a3300000, 0x00000000a3400000|  0%| F|  |TAMS 0x00000000a3300000, 0x00000000a3300000| Untracked 
|  16|0x00000000a3400000, 0x00000000a3400000, 0x00000000a3500000|  0%| F|  |TAMS 0x00000000a3400000, 0x00000000a3400000| Untracked 
|  17|0x00000000a3500000, 0x00000000a3500000, 0x00000000a3600000|  0%| F|  |TAMS 0x00000000a3500000, 0x00000000a3500000| Untracked 
|  18|0x00000000a3600000, 0x00000000a3600000, 0x00000000a3700000|  0%| F|  |TAMS 0x00000000a3600000, 0x00000000a3600000| Untracked 
|  19|0x00000000a3700000, 0x00000000a3700000, 0x00000000a3800000|  0%| F|  |TAMS 0x00000000a3700000, 0x00000000a3700000| Untracked 
|  20|0x00000000a3800000, 0x00000000a3800000, 0x00000000a3900000|  0%| F|  |TAMS 0x00000000a3800000, 0x00000000a3800000| Untracked 
|  21|0x00000000a3900000, 0x00000000a3900000, 0x00000000a3a00000|  0%| F|  |TAMS 0x00000000a3900000, 0x00000000a3900000| Untracked 
|  22|0x00000000a3a00000, 0x00000000a3a00000, 0x00000000a3b00000|  0%| F|  |TAMS 0x00000000a3a00000, 0x00000000a3a00000| Untracked 
|  23|0x00000000a3b00000, 0x00000000a3b00000, 0x00000000a3c00000|  0%| F|  |TAMS 0x00000000a3b00000, 0x00000000a3b00000| Untracked 
|  24|0x00000000a3c00000, 0x00000000a3c00000, 0x00000000a3d00000|  0%| F|  |TAMS 0x00000000a3c00000, 0x00000000a3c00000| Untracked 
|  25|0x00000000a3d00000, 0x00000000a3d00000, 0x00000000a3e00000|  0%| F|  |TAMS 0x00000000a3d00000, 0x00000000a3d00000| Untracked 
|  26|0x00000000a3e00000, 0x00000000a3e00000, 0x00000000a3f00000|  0%| F|  |TAMS 0x00000000a3e00000, 0x00000000a3e00000| Untracked 
|  27|0x00000000a3f00000, 0x00000000a3f00000, 0x00000000a4000000|  0%| F|  |TAMS 0x00000000a3f00000, 0x00000000a3f00000| Untracked 
|  28|0x00000000a4000000, 0x00000000a4000000, 0x00000000a4100000|  0%| F|  |TAMS 0x00000000a4000000, 0x00000000a4000000| Untracked 
|  29|0x00000000a4100000, 0x00000000a4100000, 0x00000000a4200000|  0%| F|  |TAMS 0x00000000a4100000, 0x00000000a4100000| Untracked 
|  30|0x00000000a4200000, 0x00000000a4200000, 0x00000000a4300000|  0%| F|  |TAMS 0x00000000a4200000, 0x00000000a4200000| Untracked 
|  31|0x00000000a4300000, 0x00000000a4300000, 0x00000000a4400000|  0%| F|  |TAMS 0x00000000a4300000, 0x00000000a4300000| Untracked 
|  32|0x00000000a4400000, 0x00000000a4400000, 0x00000000a4500000|  0%| F|  |TAMS 0x00000000a4400000, 0x00000000a4400000| Untracked 
|  33|0x00000000a4500000, 0x00000000a4500000, 0x00000000a4600000|  0%| F|  |TAMS 0x00000000a4500000, 0x00000000a4500000| Untracked 
|  34|0x00000000a4600000, 0x00000000a4600000, 0x00000000a4700000|  0%| F|  |TAMS 0x00000000a4600000, 0x00000000a4600000| Untracked 
|  35|0x00000000a4700000, 0x00000000a4700000, 0x00000000a4800000|  0%| F|  |TAMS 0x00000000a4700000, 0x00000000a4700000| Untracked 
|  36|0x00000000a4800000, 0x00000000a4800000, 0x00000000a4900000|  0%| F|  |TAMS 0x00000000a4800000, 0x00000000a4800000| Untracked 
|  37|0x00000000a4900000, 0x00000000a4900000, 0x00000000a4a00000|  0%| F|  |TAMS 0x00000000a4900000, 0x00000000a4900000| Untracked 
|  38|0x00000000a4a00000, 0x00000000a4a00000, 0x00000000a4b00000|  0%| F|  |TAMS 0x00000000a4a00000, 0x00000000a4a00000| Untracked 
|  39|0x00000000a4b00000, 0x00000000a4b00000, 0x00000000a4c00000|  0%| F|  |TAMS 0x00000000a4b00000, 0x00000000a4b00000| Untracked 
|  40|0x00000000a4c00000, 0x00000000a4c00000, 0x00000000a4d00000|  0%| F|  |TAMS 0x00000000a4c00000, 0x00000000a4c00000| Untracked 
|  41|0x00000000a4d00000, 0x00000000a4d00000, 0x00000000a4e00000|  0%| F|  |TAMS 0x00000000a4d00000, 0x00000000a4d00000| Untracked 
|  42|0x00000000a4e00000, 0x00000000a4e00000, 0x00000000a4f00000|  0%| F|  |TAMS 0x00000000a4e00000, 0x00000000a4e00000| Untracked 
|  43|0x00000000a4f00000, 0x00000000a4f00000, 0x00000000a5000000|  0%| F|  |TAMS 0x00000000a4f00000, 0x00000000a4f00000| Untracked 
|  44|0x00000000a5000000, 0x00000000a5000000, 0x00000000a5100000|  0%| F|  |TAMS 0x00000000a5000000, 0x00000000a5000000| Untracked 
|  45|0x00000000a5100000, 0x00000000a5100000, 0x00000000a5200000|  0%| F|  |TAMS 0x00000000a5100000, 0x00000000a5100000| Untracked 
|  46|0x00000000a5200000, 0x00000000a5200000, 0x00000000a5300000|  0%| F|  |TAMS 0x00000000a5200000, 0x00000000a5200000| Untracked 
|  47|0x00000000a5300000, 0x00000000a5300000, 0x00000000a5400000|  0%| F|  |TAMS 0x00000000a5300000, 0x00000000a5300000| Untracked 
|  48|0x00000000a5400000, 0x00000000a5400000, 0x00000000a5500000|  0%| F|  |TAMS 0x00000000a5400000, 0x00000000a5400000| Untracked 
|  49|0x00000000a5500000, 0x00000000a5500000, 0x00000000a5600000|  0%| F|  |TAMS 0x00000000a5500000, 0x00000000a5500000| Untracked 
|  50|0x00000000a5600000, 0x00000000a5600000, 0x00000000a5700000|  0%| F|  |TAMS 0x00000000a5600000, 0x00000000a5600000| Untracked 
|  51|0x00000000a5700000, 0x00000000a5700000, 0x00000000a5800000|  0%| F|  |TAMS 0x00000000a5700000, 0x00000000a5700000| Untracked 
|  52|0x00000000a5800000, 0x00000000a5800000, 0x00000000a5900000|  0%| F|  |TAMS 0x00000000a5800000, 0x00000000a5800000| Untracked 
|  53|0x00000000a5900000, 0x00000000a5900000, 0x00000000a5a00000|  0%| F|  |TAMS 0x00000000a5900000, 0x00000000a5900000| Untracked 
|  54|0x00000000a5a00000, 0x00000000a5a00000, 0x00000000a5b00000|  0%| F|  |TAMS 0x00000000a5a00000, 0x00000000a5a00000| Untracked 
|  55|0x00000000a5b00000, 0x00000000a5b00000, 0x00000000a5c00000|  0%| F|  |TAMS 0x00000000a5b00000, 0x00000000a5b00000| Untracked 
|  56|0x00000000a5c00000, 0x00000000a5c00000, 0x00000000a5d00000|  0%| F|  |TAMS 0x00000000a5c00000, 0x00000000a5c00000| Untracked 
|  57|0x00000000a5d00000, 0x00000000a5d00000, 0x00000000a5e00000|  0%| F|  |TAMS 0x00000000a5d00000, 0x00000000a5d00000| Untracked 
|  58|0x00000000a5e00000, 0x00000000a5e00000, 0x00000000a5f00000|  0%| F|  |TAMS 0x00000000a5e00000, 0x00000000a5e00000| Untracked 
|  59|0x00000000a5f00000, 0x00000000a5f00000, 0x00000000a6000000|  0%| F|  |TAMS 0x00000000a5f00000, 0x00000000a5f00000| Untracked 
|  60|0x00000000a6000000, 0x00000000a6000000, 0x00000000a6100000|  0%| F|  |TAMS 0x00000000a6000000, 0x00000000a6000000| Untracked 
|  61|0x00000000a6100000, 0x00000000a6100000, 0x00000000a6200000|  0%| F|  |TAMS 0x00000000a6100000, 0x00000000a6100000| Untracked 
|  62|0x00000000a6200000, 0x00000000a6200000, 0x00000000a6300000|  0%| F|  |TAMS 0x00000000a6200000, 0x00000000a6200000| Untracked 
|  63|0x00000000a6300000, 0x00000000a6300000, 0x00000000a6400000|  0%| F|  |TAMS 0x00000000a6300000, 0x00000000a6300000| Untracked 
|  64|0x00000000a6400000, 0x00000000a6400000, 0x00000000a6500000|  0%| F|  |TAMS 0x00000000a6400000, 0x00000000a6400000| Untracked 
|  65|0x00000000a6500000, 0x00000000a6500000, 0x00000000a6600000|  0%| F|  |TAMS 0x00000000a6500000, 0x00000000a6500000| Untracked 
|  66|0x00000000a6600000, 0x00000000a6600000, 0x00000000a6700000|  0%| F|  |TAMS 0x00000000a6600000, 0x00000000a6600000| Untracked 
|  67|0x00000000a6700000, 0x00000000a6700000, 0x00000000a6800000|  0%| F|  |TAMS 0x00000000a6700000, 0x00000000a6700000| Untracked 
|  68|0x00000000a6800000, 0x00000000a6900000, 0x00000000a6900000|100%| S|CS|TAMS 0x00000000a6800000, 0x00000000a6800000| Complete 
|  69|0x00000000a6900000, 0x00000000a6a00000, 0x00000000a6a00000|100%| S|CS|TAMS 0x00000000a6900000, 0x00000000a6900000| Complete 
|  70|0x00000000a6a00000, 0x00000000a6b00000, 0x00000000a6b00000|100%| S|CS|TAMS 0x00000000a6a00000, 0x00000000a6a00000| Complete 
|  71|0x00000000a6b00000, 0x00000000a6b00000, 0x00000000a6c00000|  0%| F|  |TAMS 0x00000000a6b00000, 0x00000000a6b00000| Untracked 
|  72|0x00000000a6c00000, 0x00000000a6c00000, 0x00000000a6d00000|  0%| F|  |TAMS 0x00000000a6c00000, 0x00000000a6c00000| Untracked 
|  73|0x00000000a6d00000, 0x00000000a6d00000, 0x00000000a6e00000|  0%| F|  |TAMS 0x00000000a6d00000, 0x00000000a6d00000| Untracked 
|  74|0x00000000a6e00000, 0x00000000a6e00000, 0x00000000a6f00000|  0%| F|  |TAMS 0x00000000a6e00000, 0x00000000a6e00000| Untracked 
|  75|0x00000000a6f00000, 0x00000000a6f00000, 0x00000000a7000000|  0%| F|  |TAMS 0x00000000a6f00000, 0x00000000a6f00000| Untracked 
|  76|0x00000000a7000000, 0x00000000a7000000, 0x00000000a7100000|  0%| F|  |TAMS 0x00000000a7000000, 0x00000000a7000000| Untracked 
|  77|0x00000000a7100000, 0x00000000a7100000, 0x00000000a7200000|  0%| F|  |TAMS 0x00000000a7100000, 0x00000000a7100000| Untracked 
|  78|0x00000000a7200000, 0x00000000a7200000, 0x00000000a7300000|  0%| F|  |TAMS 0x00000000a7200000, 0x00000000a7200000| Untracked 
|  79|0x00000000a7300000, 0x00000000a7300000, 0x00000000a7400000|  0%| F|  |TAMS 0x00000000a7300000, 0x00000000a7300000| Untracked 
|  80|0x00000000a7400000, 0x00000000a7400000, 0x00000000a7500000|  0%| F|  |TAMS 0x00000000a7400000, 0x00000000a7400000| Untracked 
|  81|0x00000000a7500000, 0x00000000a7500000, 0x00000000a7600000|  0%| F|  |TAMS 0x00000000a7500000, 0x00000000a7500000| Untracked 
|  82|0x00000000a7600000, 0x00000000a7600000, 0x00000000a7700000|  0%| F|  |TAMS 0x00000000a7600000, 0x00000000a7600000| Untracked 
|  83|0x00000000a7700000, 0x00000000a7700000, 0x00000000a7800000|  0%| F|  |TAMS 0x00000000a7700000, 0x00000000a7700000| Untracked 
|  84|0x00000000a7800000, 0x00000000a7800000, 0x00000000a7900000|  0%| F|  |TAMS 0x00000000a7800000, 0x00000000a7800000| Untracked 
|  85|0x00000000a7900000, 0x00000000a7900000, 0x00000000a7a00000|  0%| F|  |TAMS 0x00000000a7900000, 0x00000000a7900000| Untracked 
|  86|0x00000000a7a00000, 0x00000000a7a00000, 0x00000000a7b00000|  0%| F|  |TAMS 0x00000000a7a00000, 0x00000000a7a00000| Untracked 
|  87|0x00000000a7b00000, 0x00000000a7b00000, 0x00000000a7c00000|  0%| F|  |TAMS 0x00000000a7b00000, 0x00000000a7b00000| Untracked 
|  88|0x00000000a7c00000, 0x00000000a7c00000, 0x00000000a7d00000|  0%| F|  |TAMS 0x00000000a7c00000, 0x00000000a7c00000| Untracked 
|  89|0x00000000a7d00000, 0x00000000a7d80800, 0x00000000a7e00000| 50%| E|  |TAMS 0x00000000a7d00000, 0x00000000a7d00000| Complete 
|  90|0x00000000a7e00000, 0x00000000a7f00000, 0x00000000a7f00000|100%| E|CS|TAMS 0x00000000a7e00000, 0x00000000a7e00000| Complete 
|  91|0x00000000a7f00000, 0x00000000a8000000, 0x00000000a8000000|100%| E|CS|TAMS 0x00000000a7f00000, 0x00000000a7f00000| Complete 
|  92|0x00000000a8000000, 0x00000000a8100000, 0x00000000a8100000|100%| E|CS|TAMS 0x00000000a8000000, 0x00000000a8000000| Complete 
|  93|0x00000000a8100000, 0x00000000a8200000, 0x00000000a8200000|100%| E|CS|TAMS 0x00000000a8100000, 0x00000000a8100000| Complete 

Card table byte_map: [0x000002b1f8a20000,0x000002b1f8d10000] _byte_map_base: 0x000002b1f850e000

Marking Bits (Prev, Next): (CMBitMap*) 0x000002b1e3e2ce00, (CMBitMap*) 0x000002b1e3e2ce40
 Prev Bits: [0x000002b1f9000000, 0x000002b1fa770000)
 Next Bits: [0x000002b1fa770000, 0x000002b1fbee0000)

Polling page: 0x000002b1e8a70000

Metaspace:

Usage:
  Non-class:     10.65 MB used.
      Class:      1.32 MB used.
       Both:     11.97 MB used.

Virtual space:
  Non-class space:       64.00 MB reserved,      10.69 MB ( 17%) committed,  1 nodes.
      Class space:        1.00 GB reserved,       1.44 MB ( <1%) committed,  1 nodes.
             Both:        1.06 GB reserved,      12.12 MB (  1%) committed. 

Chunk freelists:
   Non-Class:  4.51 MB
       Class:  14.45 MB
        Both:  18.96 MB

MaxMetaspaceSize: unlimited
CompressedClassSpaceSize: 1.00 GB
Initial GC threshold: 21.00 MB
Current GC threshold: 21.00 MB
CDS: off
MetaspaceReclaimPolicy: balanced
 - commit_granule_bytes: 65536.
 - commit_granule_words: 8192.
 - virtual_space_node_default_size: 8388608.
 - enlarge_chunks_in_place: 1.
 - new_chunks_are_fully_committed: 0.
 - uncommit_free_chunks: 1.
 - use_allocation_guard: 0.
 - handle_deallocations: 1.


Internal statistics:

num_allocs_failed_limit: 0.
num_arena_births: 60.
num_arena_deaths: 0.
num_vsnodes_births: 2.
num_vsnodes_deaths: 0.
num_space_committed: 194.
num_space_uncommitted: 0.
num_chunks_returned_to_freelist: 0.
num_chunks_taken_from_freelist: 199.
num_chunk_merges: 0.
num_chunk_splits: 125.
num_chunks_enlarged: 102.
num_inconsistent_stats: 0.

CodeHeap 'non-profiled nmethods': size=120000Kb used=359Kb max_used=359Kb free=119640Kb
 bounds [0x000002b1f0560000, 0x000002b1f07d0000, 0x000002b1f7a90000]
CodeHeap 'profiled nmethods': size=120000Kb used=1768Kb max_used=1768Kb free=118231Kb
 bounds [0x000002b1e8a90000, 0x000002b1e8d00000, 0x000002b1effc0000]
CodeHeap 'non-nmethods': size=5760Kb used=1129Kb max_used=1148Kb free=4630Kb
 bounds [0x000002b1effc0000, 0x000002b1f0230000, 0x000002b1f0560000]
 total_blobs=1367 nmethods=952 adapters=328
 compilation: enabled
              stopped_count=0, restarted_count=0
 full_count=0

Compilation events (20 events):
Event: 1.303 Thread 0x000002b1febeba80  898 %     4       java.lang.StringCoding::hasNegatives @ 2 (25 bytes)
Event: 1.305 Thread 0x000002b1febec380  944       3       java.util.zip.CRC32::update (51 bytes)
Event: 1.305 Thread 0x000002b1febec380 nmethod 944 0x000002b1e8c44f90 code [0x000002b1e8c45180, 0x000002b1e8c45608]
Event: 1.305 Thread 0x000002b1febec380  945       3       java.security.SecureClassLoader::getProtectionDomain (38 bytes)
Event: 1.305 Thread 0x000002b1febeba80 nmethod 898% 0x000002b1f05b7310 code [0x000002b1f05b74a0, 0x000002b1f05b7678]
Event: 1.305 Thread 0x000002b1febeba80  917       4       jdk.internal.org.objectweb.asm.ByteVector::putUTF8 (144 bytes)
Event: 1.305 Thread 0x000002b1febec380 nmethod 945 0x000002b1e8c45810 code [0x000002b1e8c45a00, 0x000002b1e8c46068]
Event: 1.305 Thread 0x000002b1febec380  946       3       java.lang.ClassLoader::defineClass (43 bytes)
Event: 1.306 Thread 0x000002b1febec380 nmethod 946 0x000002b1e8c46210 code [0x000002b1e8c46400, 0x000002b1e8c468f8]
Event: 1.306 Thread 0x000002b1febec380  947       3       java.lang.ClassLoader::getNamedPackage (73 bytes)
Event: 1.306 Thread 0x000002b1febec380 nmethod 947 0x000002b1e8c46b90 code [0x000002b1e8c46d80, 0x000002b1e8c472c8]
Event: 1.309 Thread 0x000002b1febeba80 nmethod 917 0x000002b1f05b7790 code [0x000002b1f05b7940, 0x000002b1f05b7cd8]
Event: 1.314 Thread 0x000002b1febec380  948       3       java.lang.Class::cast (27 bytes)
Event: 1.315 Thread 0x000002b1febec380 nmethod 948 0x000002b1e8c47490 code [0x000002b1e8c47640, 0x000002b1e8c478f8]
Event: 1.325 Thread 0x000002b1febeba80  949       4       jdk.internal.loader.URLClassPath::getResource (74 bytes)
Event: 1.336 Thread 0x000002b1febeba80 nmethod 949 0x000002b1f05b7f90 code [0x000002b1f05b8240, 0x000002b1f05b8ea8]
Event: 1.337 Thread 0x000002b1febec380  951       3       sun.invoke.util.VerifyType::isNullConversion (157 bytes)
Event: 1.338 Thread 0x000002b1febec380 nmethod 951 0x000002b1e8c47a10 code [0x000002b1e8c47d40, 0x000002b1e8c49328]
Event: 1.339 Thread 0x000002b1febec380  952       3       jdk.internal.org.objectweb.asm.AnnotationWriter::putAnnotations (67 bytes)
Event: 1.339 Thread 0x000002b1febec380 nmethod 952 0x000002b1e8c49810 code [0x000002b1e8c49a20, 0x000002b1e8c49e58]

GC Heap History (2 events):
Event: 1.190 GC heap before
{Heap before GC invocations=0 (full 0):
 garbage-first heap   total 96256K, used 28672K [0x00000000a2400000, 0x0000000100000000)
  region size 1024K, 23 young (23552K), 0 survivors (0K)
 Metaspace       used 11088K, committed 11264K, reserved 1114112K
  class space    used 1150K, committed 1216K, reserved 1048576K
}
Event: 1.202 GC heap after
{Heap after GC invocations=1 (full 0):
 garbage-first heap   total 96256K, used 9768K [0x00000000a2400000, 0x0000000100000000)
  region size 1024K, 3 young (3072K), 3 survivors (3072K)
 Metaspace       used 11088K, committed 11264K, reserved 1114112K
  class space    used 1150K, committed 1216K, reserved 1048576K
}

Dll operation events (2 events):
Event: 0.010 Loaded shared library C:\Users\Mohammed Rabie SEBA\AppData\Local\JetBrains\Toolbox\apps\AndroidStudio\ch-0\231.9392.1.2311.11076708\jbr\bin\java.dll
Event: 0.151 Loaded shared library C:\Users\Mohammed Rabie SEBA\AppData\Local\JetBrains\Toolbox\apps\AndroidStudio\ch-0\231.9392.1.2311.11076708\jbr\bin\verify.dll

Deoptimization events (20 events):
Event: 1.112 Thread 0x000002b1e3de3220 Uncommon trap: trap_request=0xffffff45 fr.pc=0x000002b1f057e238 relative=0x0000000000000198
Event: 1.112 Thread 0x000002b1e3de3220 Uncommon trap: reason=unstable_if action=reinterpret pc=0x000002b1f057e238 method=java.util.regex.Matcher.reset()Ljava/util/regex/Matcher; @ 47 c2
Event: 1.112 Thread 0x000002b1e3de3220 DEOPT PACKING pc=0x000002b1f057e238 sp=0x000000d407bfcdf0
Event: 1.112 Thread 0x000002b1e3de3220 DEOPT UNPACKING pc=0x000002b1f00169a3 sp=0x000000d407bfcd78 mode 2
Event: 1.112 Thread 0x000002b1e3de3220 Uncommon trap: trap_request=0xffffffde fr.pc=0x000002b1f057ecf8 relative=0x0000000000000398
Event: 1.112 Thread 0x000002b1e3de3220 Uncommon trap: reason=class_check action=maybe_recompile pc=0x000002b1f057ecf8 method=java.util.regex.Matcher.match(II)Z @ 121 c2
Event: 1.112 Thread 0x000002b1e3de3220 DEOPT PACKING pc=0x000002b1f057ecf8 sp=0x000000d407bfce40
Event: 1.112 Thread 0x000002b1e3de3220 DEOPT UNPACKING pc=0x000002b1f00169a3 sp=0x000000d407bfcde8 mode 2
Event: 1.112 Thread 0x000002b1e3de3220 Uncommon trap: trap_request=0xffffffde fr.pc=0x000002b1f057ecf8 relative=0x0000000000000398
Event: 1.112 Thread 0x000002b1e3de3220 Uncommon trap: reason=class_check action=maybe_recompile pc=0x000002b1f057ecf8 method=java.util.regex.Matcher.match(II)Z @ 121 c2
Event: 1.112 Thread 0x000002b1e3de3220 DEOPT PACKING pc=0x000002b1f057ecf8 sp=0x000000d407bfce40
Event: 1.112 Thread 0x000002b1e3de3220 DEOPT UNPACKING pc=0x000002b1f00169a3 sp=0x000000d407bfcde8 mode 2
Event: 1.113 Thread 0x000002b1e3de3220 Uncommon trap: trap_request=0xffffffde fr.pc=0x000002b1f057ecf8 relative=0x0000000000000398
Event: 1.113 Thread 0x000002b1e3de3220 Uncommon trap: reason=class_check action=maybe_recompile pc=0x000002b1f057ecf8 method=java.util.regex.Matcher.match(II)Z @ 121 c2
Event: 1.113 Thread 0x000002b1e3de3220 DEOPT PACKING pc=0x000002b1f057ecf8 sp=0x000000d407bfccc0
Event: 1.113 Thread 0x000002b1e3de3220 DEOPT UNPACKING pc=0x000002b1f00169a3 sp=0x000000d407bfcc68 mode 2
Event: 1.113 Thread 0x000002b1e3de3220 Uncommon trap: trap_request=0xffffffde fr.pc=0x000002b1f057ecf8 relative=0x0000000000000398
Event: 1.113 Thread 0x000002b1e3de3220 Uncommon trap: reason=class_check action=maybe_recompile pc=0x000002b1f057ecf8 method=java.util.regex.Matcher.match(II)Z @ 121 c2
Event: 1.113 Thread 0x000002b1e3de3220 DEOPT PACKING pc=0x000002b1f057ecf8 sp=0x000000d407bfccc0
Event: 1.113 Thread 0x000002b1e3de3220 DEOPT UNPACKING pc=0x000002b1f00169a3 sp=0x000000d407bfcc68 mode 2

Classes unloaded (0 events):
No events

Classes redefined (0 events):
No events

Internal exceptions (10 events):
Event: 0.329 Thread 0x000002b1e3de3220 Exception <a 'java/lang/NoSuchMethodError'{0x00000000a7e30208}: 'int java.lang.invoke.DirectMethodHandle$Holder.invokeStaticInit(java.lang.Object, java.lang.Object)'> (0x00000000a7e30208) 
thrown [s\src\hotspot\share\interpreter\linkResolver.cpp, line 771]
Event: 1.120 Thread 0x000002b1e3de3220 Exception <a 'java/lang/NoSuchMethodError'{0x00000000a6c67798}: 'void java.lang.invoke.DirectMethodHandle$Holder.invokeStatic(java.lang.Object, java.lang.Object)'> (0x00000000a6c67798) 
thrown [s\src\hotspot\share\interpreter\linkResolver.cpp, line 771]
Event: 1.152 Thread 0x000002b1e3de3220 Exception <a 'java/lang/NoClassDefFoundError'{0x00000000a6cf0750}: org/slf4j/impl/StaticMarkerBinder> (0x00000000a6cf0750) 
thrown [s\src\hotspot\share\classfile\systemDictionary.cpp, line 245]
Event: 1.171 Thread 0x000002b1e3de3220 Exception <a 'java/lang/NoSuchMethodError'{0x00000000a6b90d78}: 'java.lang.Object java.lang.invoke.DirectMethodHandle$Holder.invokeVirtual(java.lang.Object, java.lang.Object, java.lang.Object, java.lang.Object, java.lang.Object, java.lang.Object, java.lang.Object)'> (0x00000000a6b90d78) 
thrown [s\src\hotspot\share\interpreter\linkResolver.cpp, line 771]
Event: 1.174 Thread 0x000002b1e3de3220 Exception <a 'java/lang/NoSuchMethodError'{0x00000000a6ba2458}: 'java.lang.Object java.lang.invoke.Invokers$Holder.invoker(java.lang.Object, java.lang.Object, java.lang.Object)'> (0x00000000a6ba2458) 
thrown [s\src\hotspot\share\interpreter\linkResolver.cpp, line 771]
Event: 1.177 Thread 0x000002b1e3de3220 Exception <a 'java/lang/NoSuchMethodError'{0x00000000a6bab500}: 'java.lang.Object java.lang.invoke.DirectMethodHandle$Holder.invokeStatic(java.lang.Object, java.lang.Object, int)'> (0x00000000a6bab500) 
thrown [s\src\hotspot\share\interpreter\linkResolver.cpp, line 771]
Event: 1.179 Thread 0x000002b1e3de3220 Exception <a 'java/lang/NoSuchMethodError'{0x00000000a6bb71f0}: 'void java.lang.invoke.DelegatingMethodHandle$Holder.delegate(java.lang.Object, java.lang.Object, int, java.lang.Object)'> (0x00000000a6bb71f0) 
thrown [s\src\hotspot\share\interpreter\linkResolver.cpp, line 771]
Event: 1.180 Thread 0x000002b1e3de3220 Exception <a 'java/lang/NoSuchMethodError'{0x00000000a6bbb338}: 'int java.lang.invoke.DirectMethodHandle$Holder.invokeSpecial(java.lang.Object, java.lang.Object, java.lang.Object)'> (0x00000000a6bbb338) 
thrown [s\src\hotspot\share\interpreter\linkResolver.cpp, line 771]
Event: 1.182 Thread 0x000002b1e3de3220 Exception <a 'java/lang/NoSuchMethodError'{0x00000000a6bce4f0}: 'java.lang.Object java.lang.invoke.Invokers$Holder.invokeExact_MT(java.lang.Object, java.lang.Object, java.lang.Object, java.lang.Object)'> (0x00000000a6bce4f0) 
thrown [s\src\hotspot\share\interpreter\linkResolver.cpp, line 771]
Event: 1.337 Thread 0x000002b1e3de3220 Exception <a 'java/lang/NoSuchMethodError'{0x00000000a7ef67f8}: 'java.lang.Object java.lang.invoke.DirectMethodHandle$Holder.invokeInterface(java.lang.Object, java.lang.Object, java.lang.Object)'> (0x00000000a7ef67f8) 
thrown [s\src\hotspot\share\interpreter\linkResolver.cpp, line 771]

VM Operations (8 events):
Event: 0.146 Executing VM operation: HandshakeAllThreads
Event: 0.146 Executing VM operation: HandshakeAllThreads done
Event: 1.146 Executing VM operation: Cleanup
Event: 1.146 Executing VM operation: Cleanup done
Event: 1.176 Executing VM operation: HandshakeAllThreads
Event: 1.176 Executing VM operation: HandshakeAllThreads done
Event: 1.189 Executing VM operation: G1CollectForAllocation
Event: 1.202 Executing VM operation: G1CollectForAllocation done

Events (20 events):
Event: 1.292 loading class java/lang/invoke/BoundMethodHandle$Species_LLLLL
Event: 1.292 loading class java/lang/invoke/BoundMethodHandle$Species_LLLLL done
Event: 1.293 loading class java/lang/invoke/BoundMethodHandle$Species_LLLLLL
Event: 1.293 loading class java/lang/invoke/BoundMethodHandle$Species_LLLLLL done
Event: 1.293 loading class java/lang/invoke/BoundMethodHandle$Species_LLLLLLL
Event: 1.293 loading class java/lang/invoke/BoundMethodHandle$Species_LLLLLLL done
Event: 1.298 loading class java/io/FileNotFoundException
Event: 1.298 loading class java/io/FileNotFoundException done
Event: 1.316 loading class java/util/concurrent/CopyOnWriteArraySet
Event: 1.316 loading class java/util/concurrent/CopyOnWriteArraySet done
Event: 1.331 loading class java/util/concurrent/SynchronousQueue
Event: 1.331 loading class java/util/concurrent/SynchronousQueue done
Event: 1.331 loading class java/util/concurrent/SynchronousQueue$TransferStack
Event: 1.332 loading class java/util/concurrent/SynchronousQueue$Transferer
Event: 1.332 loading class java/util/concurrent/SynchronousQueue$Transferer done
Event: 1.332 loading class java/util/concurrent/SynchronousQueue$TransferStack done
Event: 1.332 loading class java/util/concurrent/SynchronousQueue$TransferStack$SNode
Event: 1.332 loading class java/util/concurrent/SynchronousQueue$TransferStack$SNode done
Event: 1.341 loading class java/nio/file/NoSuchFileException
Event: 1.341 loading class java/nio/file/FileSystemException


Dynamic libraries:
0x00007ff63e660000 - 0x00007ff63e66a000 	C:\Users\Mohammed Rabie SEBA\AppData\Local\JetBrains\Toolbox\apps\AndroidStudio\ch-0\231.9392.1.2311.11076708\jbr\bin\java.exe
0x00007fffd9f50000 - 0x00007fffda148000 	C:\Windows\SYSTEM32\ntdll.dll
0x00007fffd8630000 - 0x00007fffd86ed000 	C:\Windows\System32\KERNEL32.DLL
0x00007fffd7840000 - 0x00007fffd7b36000 	C:\Windows\System32\KERNELBASE.dll
0x00007fffd7600000 - 0x00007fffd7700000 	C:\Windows\System32\ucrtbase.dll
0x00007fffa9420000 - 0x00007fffa9437000 	C:\Users\Mohammed Rabie SEBA\AppData\Local\JetBrains\Toolbox\apps\AndroidStudio\ch-0\231.9392.1.2311.11076708\jbr\bin\jli.dll
0x00007fffa9440000 - 0x00007fffa945b000 	C:\Users\Mohammed Rabie SEBA\AppData\Local\JetBrains\Toolbox\apps\AndroidStudio\ch-0\231.9392.1.2311.11076708\jbr\bin\VCRUNTIME140.dll
0x00007fffd7f80000 - 0x00007fffd811e000 	C:\Windows\System32\USER32.dll
0x00007fffc71d0000 - 0x00007fffc746a000 	C:\Windows\WinSxS\amd64_microsoft.windows.common-controls_6595b64144ccf1df_6.0.19041.3636_none_60b6a03d71f818d5\COMCTL32.dll
0x00007fffd7700000 - 0x00007fffd7722000 	C:\Windows\System32\win32u.dll
0x00007fffd9c00000 - 0x00007fffd9c9e000 	C:\Windows\System32\msvcrt.dll
0x00007fffd9aa0000 - 0x00007fffd9acc000 	C:\Windows\System32\GDI32.dll
0x00007fffd7cb0000 - 0x00007fffd7dca000 	C:\Windows\System32\gdi32full.dll
0x00007fffd7730000 - 0x00007fffd77cd000 	C:\Windows\System32\msvcp_win.dll
0x00007fffd90a0000 - 0x00007fffd90d0000 	C:\Windows\System32\IMM32.DLL
0x00007fffb5a80000 - 0x00007fffb5a8c000 	C:\Users\Mohammed Rabie SEBA\AppData\Local\JetBrains\Toolbox\apps\AndroidStudio\ch-0\231.9392.1.2311.11076708\jbr\bin\vcruntime140_1.dll
0x00007fffa6070000 - 0x00007fffa60fd000 	C:\Users\Mohammed Rabie SEBA\AppData\Local\JetBrains\Toolbox\apps\AndroidStudio\ch-0\231.9392.1.2311.11076708\jbr\bin\msvcp140.dll
0x00007fff629b0000 - 0x00007fff63630000 	C:\Users\Mohammed Rabie SEBA\AppData\Local\JetBrains\Toolbox\apps\AndroidStudio\ch-0\231.9392.1.2311.11076708\jbr\bin\server\jvm.dll
0x00007fffd9dd0000 - 0x00007fffd9e7f000 	C:\Windows\System32\ADVAPI32.dll
0x00007fffd8e30000 - 0x00007fffd8ecc000 	C:\Windows\System32\sechost.dll
0x00007fffd9ad0000 - 0x00007fffd9bf6000 	C:\Windows\System32\RPCRT4.dll
0x00007fffb3650000 - 0x00007fffb3659000 	C:\Windows\SYSTEM32\WSOCK32.dll
0x00007fffcd780000 - 0x00007fffcd7a7000 	C:\Windows\SYSTEM32\WINMM.dll
0x00007fffd91a0000 - 0x00007fffd920b000 	C:\Windows\System32\WS2_32.dll
0x00007fffcf100000 - 0x00007fffcf10a000 	C:\Windows\SYSTEM32\VERSION.dll
0x00007fffd5e10000 - 0x00007fffd5e22000 	C:\Windows\SYSTEM32\kernel.appcore.dll
0x00007fffb1f70000 - 0x00007fffb1f7a000 	C:\Users\Mohammed Rabie SEBA\AppData\Local\JetBrains\Toolbox\apps\AndroidStudio\ch-0\231.9392.1.2311.11076708\jbr\bin\jimage.dll
0x00007fffd5450000 - 0x00007fffd5634000 	C:\Windows\SYSTEM32\DBGHELP.DLL
0x00007fffb5ca0000 - 0x00007fffb5cd4000 	C:\Windows\SYSTEM32\dbgcore.DLL
0x00007fffd7b70000 - 0x00007fffd7bf2000 	C:\Windows\System32\bcryptPrimitives.dll
0x00007fffa9260000 - 0x00007fffa9285000 	C:\Users\Mohammed Rabie SEBA\AppData\Local\JetBrains\Toolbox\apps\AndroidStudio\ch-0\231.9392.1.2311.11076708\jbr\bin\java.dll
0x00007fffa9400000 - 0x00007fffa9418000 	C:\Users\Mohammed Rabie SEBA\AppData\Local\JetBrains\Toolbox\apps\AndroidStudio\ch-0\231.9392.1.2311.11076708\jbr\bin\zip.dll
0x00007fffd92a0000 - 0x00007fffd99e5000 	C:\Windows\System32\SHELL32.dll
0x00007fffd5660000 - 0x00007fffd5dfb000 	C:\Windows\SYSTEM32\windows.storage.dll
0x00007fffd8200000 - 0x00007fffd8554000 	C:\Windows\System32\combase.dll
0x00007fffd6e90000 - 0x00007fffd6ebd000 	C:\Windows\SYSTEM32\Wldp.dll
0x00007fffd8d70000 - 0x00007fffd8e1d000 	C:\Windows\System32\SHCORE.dll
0x00007fffd9e80000 - 0x00007fffd9ed5000 	C:\Windows\System32\shlwapi.dll
0x00007fffd7530000 - 0x00007fffd7555000 	C:\Windows\SYSTEM32\profapi.dll
0x00007fffa7e70000 - 0x00007fffa7e89000 	C:\Users\Mohammed Rabie SEBA\AppData\Local\JetBrains\Toolbox\apps\AndroidStudio\ch-0\231.9392.1.2311.11076708\jbr\bin\net.dll
0x00007fffd0270000 - 0x00007fffd037a000 	C:\Windows\SYSTEM32\WINHTTP.dll
0x00007fffd6c70000 - 0x00007fffd6cda000 	C:\Windows\system32\mswsock.dll
0x00007fffa7870000 - 0x00007fffa7886000 	C:\Users\Mohammed Rabie SEBA\AppData\Local\JetBrains\Toolbox\apps\AndroidStudio\ch-0\231.9392.1.2311.11076708\jbr\bin\nio.dll
0x00007fffaccc0000 - 0x00007fffaccd0000 	C:\Users\Mohammed Rabie SEBA\AppData\Local\JetBrains\Toolbox\apps\AndroidStudio\ch-0\231.9392.1.2311.11076708\jbr\bin\verify.dll
0x00007fffa77f0000 - 0x00007fffa7817000 	C:\Users\Mohammed Rabie SEBA\.gradle\native\e1d6ef7f7dcc3fd88c89a11ec53ec762bb8ba0a96d01ffa2cd45eb1d1d8dd5c5\windows-amd64\native-platform.dll

dbghelp: loaded successfully - version: 4.0.5 - missing functions: none
symbol engine: initialized successfully - sym options: 0x614 - pdb path: .;C:\Users\Mohammed Rabie SEBA\AppData\Local\JetBrains\Toolbox\apps\AndroidStudio\ch-0\231.9392.1.2311.11076708\jbr\bin;C:\Windows\SYSTEM32;C:\Windows\WinSxS\amd64_microsoft.windows.common-controls_6595b64144ccf1df_6.0.19041.3636_none_60b6a03d71f818d5;C:\Users\Mohammed Rabie SEBA\AppData\Local\JetBrains\Toolbox\apps\AndroidStudio\ch-0\231.9392.1.2311.11076708\jbr\bin\server;C:\Users\Mohammed Rabie SEBA\.gradle\native\e1d6ef7f7dcc3fd88c89a11ec53ec762bb8ba0a96d01ffa2cd45eb1d1d8dd5c5\windows-amd64

VM Arguments:
jvm_args: -Dorg.gradle.appname=gradlew 
java_command: org.gradle.wrapper.GradleWrapperMain -q -Ptarget-platform=android-arm64 -Ptarget=D:\FlutterProject\todolist\lib\main.dart -Pbase-application-name=android.app.Application -Pdart-defines=RkxVVFRFUl9XRUJfQVVUT19ERVRFQ1Q9dHJ1ZQ==,RkxVVFRFUl9XRUJfQ0FOVkFTS0lUX1VSTD1odHRwczovL3d3dy5nc3RhdGljLmNvbS9mbHV0dGVyLWNhbnZhc2tpdC81NGE3MTQ1MzAzZjBkZDlkMGY5MzQyNGEyZTEyNGViNGFiZWY1MDkxLw== -Pdart-obfuscation=false -Ptrack-widget-creation=true -Ptree-shake-icons=false -Pfilesystem-scheme=org-dartlang-root assembleDebug
java_class_path (initial): D:\FlutterProject\todolist\android\\gradle\wrapper\gradle-wrapper.jar
Launcher Type: SUN_STANDARD

[Global flags]
     intx CICompilerCount                          = 4                                         {product} {ergonomic}
     uint ConcGCThreads                            = 3                                         {product} {ergonomic}
     uint G1ConcRefinementThreads                  = 10                                        {product} {ergonomic}
   size_t G1HeapRegionSize                         = 1048576                                   {product} {ergonomic}
    uintx GCDrainStackTargetSize                   = 64                                        {product} {ergonomic}
   size_t InitialHeapSize                          = 98566144                                  {product} {ergonomic}
   size_t MarkStackSize                            = 4194304                                   {product} {ergonomic}
   size_t MaxHeapSize                              = 1572864000                                {product} {ergonomic}
   size_t MaxNewSize                               = 943718400                                 {product} {ergonomic}
   size_t MinHeapDeltaBytes                        = 1048576                                   {product} {ergonomic}
   size_t MinHeapSize                              = 8388608                                   {product} {ergonomic}
    uintx NonNMethodCodeHeapSize                   = 5839372                                {pd product} {ergonomic}
    uintx NonProfiledCodeHeapSize                  = 122909434                              {pd product} {ergonomic}
    uintx ProfiledCodeHeapSize                     = 122909434                              {pd product} {ergonomic}
    uintx ReservedCodeCacheSize                    = 251658240                              {pd product} {ergonomic}
     bool SegmentedCodeCache                       = true                                      {product} {ergonomic}
   size_t SoftMaxHeapSize                          = 1572864000                             {manageable} {ergonomic}
     bool UseCompressedClassPointers               = true                           {product lp64_product} {ergonomic}
     bool UseCompressedOops                        = true                           {product lp64_product} {ergonomic}
     bool UseG1GC                                  = true                                      {product} {ergonomic}
     bool UseLargePagesIndividualAllocation        = false                                  {pd product} {ergonomic}

Logging:
Log output configuration:
 #0: stdout all=warning uptime,level,tags
 #1: stderr all=off uptime,level,tags

Environment Variables:
JAVA_HOME=C:\Users\Mohammed Rabie SEBA\AppData\Local\JetBrains\Toolbox\apps\AndroidStudio\ch-0\231.9392.1.2311.11076708\jbr
CLASSPATH=D:\FlutterProject\todolist\android\\gradle\wrapper\gradle-wrapper.jar
PATH=C:\Users\Mohammed Rabie SEBA\AppData\Local\JetBrains\Toolbox\apps\AndroidStudio\ch-0\231.9392.1.2311.11076708\jbr\bin;C:\Program Files (x86)\Common Files\Oracle\Java\javapath;C:\Program Files\Microsoft\jdk-11.0.12.7-hotspot\bin;C:\Windows\system32;C:\Windows;C:\Windows\System32\Wbem;C:\Windows\System32\WindowsPowerShell\v1.0\;C:\Windows\System32\OpenSSH\;C:\Program Files (x86)\dotnet\;C:\Program Files\NVIDIA Corporation\NVIDIA NvDLISR;C:\Program Files (x86)\NVIDIA Corporation\PhysX\Common;C:\ProgramData\chocolatey\bin;C:\Users\Mohammed Rabie SEBA\AppData\Local\Pub\Cache\bin;C:\Program Files\dotnet\;C:\Program Files\Git\cmd;%NVM_HOME%;%NVM_SYMLINK%;C:\Users\Mohammed Rabie SEBA\AppData\Local\Microsoft\WindowsApps;D:\Microsoft VS Code\bin;D:\Developement\flutter\bin;C:\gstreamer\1.0\msvc_x86_64\bin;D:\MiKTeX\miktex\bin\x64\;D:\Developement\dart-sdk\bin;C:\Users\Mohammed Rabie SEBA\AppData\Local\JetBrains\Toolbox\scripts;D:\Microsoft VS Code\Code.exe;C:\tools\dart-sdk\bin;C:\Users\Mohammed Rabie SEBA\AppData\Local\Pub\Cache\bin;C:\Users\Mohammed Rabie SEBA\AppData\Roaming\Pub\Cache\bin;C:\Users\Mohammed Rabie SEBA\AppData\Roaming\npm;C:\Users\Mohammed Rabie SEBA\AppData\Local\GitHubDesktop\bin;D:\MinGW\bin;C:\Users\Mohammed Rabie SEBA\AppData\Roaming\nvm;C:\Program Files\nodejs;D:\Developement\flutter\bin\mingit\cmd;D:\Developement\flutter\bin\mingit\cmd
USERNAME=Mohammed Rabie SEBA
OS=Windows_NT
PROCESSOR_IDENTIFIER=AMD64 Family 25 Model 80 Stepping 0, AuthenticAMD
TMP=C:\Users\MOHAMM~1\AppData\Local\Temp
TEMP=C:\Users\MOHAMM~1\AppData\Local\Temp


JNI global refs:
JNI global refs: 8, weak refs: 0

JNI global refs memory usage: 843, weak refs: 841

OOME stack traces (most recent first):
Classloader memory used:
Loader bootstrap                                                                       : 1228K
Loader org.gradle.internal.classloader.VisitableURLClassLoader                         : 260K
Loader java.net.URLClassLoader                                                         : 25818B
Loader jdk.internal.loader.ClassLoaders$AppClassLoader                                 : 18431B

Classes loaded by more than one classloader:
Class org.gradle.internal.installation.GradleInstallation                             : loaded 2 times (x 73B)
Class org.gradle.cli.ParsedCommandLine                                                : loaded 2 times (x 78B)
Class org.gradle.api.Action                                                           : loaded 2 times (x 68B)
Class org.gradle.cli.CommandLineParser$OptionString                                   : loaded 2 times (x 71B)
Class org.gradle.internal.installation.GradleInstallation$1                           : loaded 2 times (x 73B)
Class org.gradle.cli.CommandLineParser$AfterOptions                                   : loaded 2 times (x 75B)
Class org.gradle.cli.CommandLineParser$AfterFirstSubCommand                           : loaded 2 times (x 75B)
Class org.gradle.internal.service.UnknownServiceException                             : loaded 2 times (x 81B)
Class org.gradle.api.GradleException                                                  : loaded 2 times (x 80B)
Class org.gradle.cli.CommandLineParser$KnownOptionParserState                         : loaded 2 times (x 74B)
Class org.gradle.cli.AbstractPropertiesCommandLineConverter                           : loaded 2 times (x 81B)
Class org.gradle.api.specs.Spec                                                       : loaded 2 times (x 68B)
Class org.gradle.cli.SystemPropertiesCommandLineConverter                             : loaded 2 times (x 81B)
Class org.gradle.internal.IoActions                                                   : loaded 2 times (x 69B)
Class org.gradle.internal.installation.CurrentGradleInstallation                      : loaded 2 times (x 71B)
Class org.gradle.internal.installation.CurrentGradleInstallationLocator               : loaded 2 times (x 69B)
Class org.gradle.api.Transformer                                                      : loaded 2 times (x 68B)
Class org.gradle.cli.CommandLineParser                                                : loaded 2 times (x 77B)
Class org.gradle.cli.CommandLineParser$BeforeFirstSubCommand                          : loaded 2 times (x 75B)
Class org.gradle.cli.CommandLineOption                                                : loaded 2 times (x 84B)
Class org.gradle.cli.CommandLineParser$ParserState                                    : loaded 2 times (x 74B)
Class org.gradle.cli.CommandLineParser$MissingOptionArgState                          : loaded 2 times (x 75B)
Class org.gradle.api.UncheckedIOException                                             : loaded 2 times (x 80B)
Class org.gradle.cli.ParsedCommandLineOption                                          : loaded 2 times (x 74B)
Class org.gradle.internal.classloader.ClasspathUtil                                   : loaded 2 times (x 69B)
Class org.gradle.cli.CommandLineParser$UnknownOptionParserState                       : loaded 2 times (x 74B)
Class org.gradle.internal.service.ServiceLookupException                              : loaded 2 times (x 80B)
Class org.gradle.cli.CommandLineParser$OptionAwareParserState                         : loaded 2 times (x 75B)
Class org.gradle.cli.CommandLineParser$OptionParserState                              : loaded 2 times (x 73B)
Class org.gradle.internal.Cast                                                        : loaded 2 times (x 69B)
Class org.gradle.cli.CommandLineConverter                                             : loaded 2 times (x 68B)
Class org.gradle.cli.AbstractCommandLineConverter                                     : loaded 2 times (x 77B)
Class org.gradle.cli.CommandLineArgumentException                                     : loaded 2 times (x 80B)


---------------  S Y S T E M  ---------------

OS:
 Windows 10 , 64 bit Build 19041 (10.0.19041.3636)
OS uptime: 6 days 19:31 hours
Hyper-V role detected

CPU: total 12 (initial active 12) (12 cores per cpu, 2 threads per core) family 25 model 80 stepping 0 microcode 0x0, cx8, cmov, fxsr, ht, mmx, 3dnowpref, sse, sse2, sse3, ssse3, sse4a, sse4.1, sse4.2, popcnt, lzcnt, tsc, tscinvbit, avx, avx2, aes, erms, clmul, bmi1, bmi2, adx, sha, fma, vzeroupper, clflush, clflushopt, hv

Memory: 4k page, system-wide physical 5996M (292M free)
TotalPageFile size 24428M (AvailPageFile size 18M)
current process WorkingSet (physical memory assigned to process): 89M, peak: 89M
current process commit charge ("private bytes"): 194M, peak: 195M

vm_info: OpenJDK 64-Bit Server VM (17.0.7+0-b2043.56-10550314) for windows-amd64 JRE (17.0.7+0-b2043.56-10550314), built on Jul 24 2023 18:27:45 by "androidbuild" with MS VC++ 16.10 / 16.11 (VS2019)

END.
